#
# There is insufficient memory for the Java Runtime Environment to continue.
# Native memory allocation (mmap) failed to map 81264640 bytes for committing reserved memory.
# Possible reasons:
#   The system is out of physical RAM or swap space
#   In 32 bit mode, the process size limit was hit
# Possible solutions:
#   Reduce memory load on the system
#   Increase physical memory or swap space
#   Check if swap backing store is full
#   Use 64 bit Java on a 64 bit OS
#   Decrease Java heap size (-Xmx/-Xms)
#   Decrease number of Java threads
#   Decrease Java thread stack sizes (-Xss)
#   Set larger code cache with -XX:ReservedCodeCacheSize=
# This output file may be truncated or incomplete.
#
#  Out of Memory Error (os_linux.cpp:2627), pid=31405, tid=0x00007f5742eec700
#
# JRE version: Java(TM) SE Runtime Environment (8.0_121-b13) (build 1.8.0_121-b13)
# Java VM: Java HotSpot(TM) 64-Bit Server VM (25.121-b13 mixed mode linux-amd64 compressed oops)
# Failed to write core dump. Core dumps have been disabled. To enable core dumping, try "ulimit -c unlimited" before starting Java again
#

---------------  T H R E A D  ---------------

Current thread (0x00007f57540ff800):  VMThread [stack: 0x00007f5742dec000,0x00007f5742eed000] [id=31413]

Stack: [0x00007f5742dec000,0x00007f5742eed000],  sp=0x00007f5742eeafa0,  free space=1019k
Native frames: (J=compiled Java code, j=interpreted, Vv=VM code, C=native code)
V  [libjvm.so+0xac703a]  VMError::report_and_die()+0x2ba
V  [libjvm.so+0x4fc7eb]  report_vm_out_of_memory(char const*, int, unsigned long, VMErrorType, char const*)+0x8b
V  [libjvm.so+0x923c43]  os::Linux::commit_memory_impl(char*, unsigned long, bool)+0x103
V  [libjvm.so+0x924199]  os::pd_commit_memory(char*, unsigned long, unsigned long, bool)+0x29
V  [libjvm.so+0x91e4aa]  os::commit_memory(char*, unsigned long, unsigned long, bool)+0x2a
V  [libjvm.so+0x992f03]  PSVirtualSpace::expand_by(unsigned long)+0x53
V  [libjvm.so+0x994308]  PSYoungGen::resize_generation(unsigned long, unsigned long)+0xf8
V  [libjvm.so+0x993462]  PSYoungGen::resize(unsigned long, unsigned long)+0x22
V  [libjvm.so+0x99073b]  PSScavenge::invoke_no_policy()+0xf3b
V  [libjvm.so+0x990ec1]  PSScavenge::invoke()+0x41
V  [libjvm.so+0x947c10]  ParallelScavengeHeap::failed_mem_allocate(unsigned long)+0x70
V  [libjvm.so+0xac8a57]  VM_ParallelGCFailedAllocation::doit()+0x97
V  [libjvm.so+0xad0535]  VM_Operation::evaluate()+0x55
V  [libjvm.so+0xace90a]  VMThread::evaluate_operation(VM_Operation*)+0xba
V  [libjvm.so+0xacec8e]  VMThread::loop()+0x1ce
V  [libjvm.so+0xacf100]  VMThread::run()+0x70
V  [libjvm.so+0x926268]  java_start(Thread*)+0x108

VM_Operation (0x00007f575cca8c80): ParallelGCFailedAllocation, mode: safepoint, requested by thread 0x00007f575400f000


---------------  P R O C E S S  ---------------

Java Threads: ( => current thread )
  0x00007f5754790800 JavaThread "NativeRandomDeallocator thread 0" daemon [_thread_blocked, id=31434, stack(0x00007f5740838000,0x00007f5740939000)]
  0x00007f5754661000 JavaThread "JavaCPP Deallocator" daemon [_thread_blocked, id=31429, stack(0x00007f5741b9f000,0x00007f5741ca0000)]
  0x00007f5754586800 JavaThread "Service Thread" daemon [_thread_blocked, id=31427, stack(0x00007f5741da1000,0x00007f5741ea2000)]
  0x00007f5754581000 JavaThread "C1 CompilerThread1" daemon [_thread_blocked, id=31426, stack(0x00007f57420b9000,0x00007f57421ba000)]
  0x00007f575457f800 JavaThread "C2 CompilerThread0" daemon [_thread_blocked, id=31425, stack(0x00007f57421ba000,0x00007f57422bb000)]
  0x00007f575456d000 JavaThread "Monitor Ctrl-Break" daemon [_thread_in_native, id=31424, stack(0x00007f57422bb000,0x00007f57423bc000)]
  0x00007f5754140000 JavaThread "Signal Dispatcher" daemon [_thread_blocked, id=31423, stack(0x00007f57425af000,0x00007f57426b0000)]
  0x00007f575410c000 JavaThread "Finalizer" daemon [_thread_blocked, id=31417, stack(0x00007f5742bea000,0x00007f5742ceb000)]
  0x00007f5754107800 JavaThread "Reference Handler" daemon [_thread_blocked, id=31415, stack(0x00007f5742ceb000,0x00007f5742dec000)]
  0x00007f575400f000 JavaThread "main" [_thread_blocked, id=31406, stack(0x00007f575cbaa000,0x00007f575ccab000)]

Other Threads:
=>0x00007f57540ff800 VMThread [stack: 0x00007f5742dec000,0x00007f5742eed000] [id=31413]
  0x00007f575458b800 WatcherThread [stack: 0x00007f5741ca0000,0x00007f5741da1000] [id=31428]

VM state:at safepoint (normal execution)

VM Mutex/Monitor currently owned by a thread:  ([mutex/lock_event])
[0x00007f575400b610] Threads_lock - owner thread: 0x00007f57540ff800
[0x00007f575400bb10] Heap_lock - owner thread: 0x00007f575400f000

Heap:
 PSYoungGen      total 134656K, used 10218K [0x00000000ebf80000, 0x00000000f4e80000, 0x0000000100000000)
  eden space 124416K, 0% used [0x00000000ebf80000,0x00000000ebf80000,0x00000000f3900000)
  from space 10240K, 99% used [0x00000000f3900000,0x00000000f42fa9d8,0x00000000f4300000)
  to   space 8704K, 0% used [0x00000000f4300000,0x00000000f4300000,0x00000000f4b80000)
 ParOldGen       total 42496K, used 12921K [0x00000000c3e00000, 0x00000000c6780000, 0x00000000ebf80000)
  object space 42496K, 30% used [0x00000000c3e00000,0x00000000c4a9e420,0x00000000c6780000)
 Metaspace       used 19633K, capacity 19800K, committed 20096K, reserved 1067008K
  class space    used 1833K, capacity 1901K, committed 1920K, reserved 1048576K

Card table byte_map: [0x00007f575956e000,0x00007f5759750000] byte_map_base: 0x00007f5758f4f000

Marking Bits: (ParMarkBitMap*) 0x00007f575c084c80
 Begin Bits: [0x00007f57431f0000, 0x00007f57440f8000)
 End Bits:   [0x00007f57440f8000, 0x00007f5745000000)

Polling page: 0x00007f575ccd7000

CodeCache: size=245760Kb used=8153Kb max_used=8160Kb free=237606Kb
 bounds [0x00007f5745000000, 0x00007f5745830000, 0x00007f5754000000]
 total_blobs=2844 nmethods=1876 adapters=883
 compilation: enabled

Compilation events (10 events):
Event: 16,810 Thread 0x00007f5754581000 nmethod 1996 0x00007f574514fd10 code [0x00007f574514fe80, 0x00007f5745150010]
Event: 16,812 Thread 0x00007f575457f800 1997       4       org.nd4j.linalg.api.ops.BaseScalarOp::<init> (47 bytes)
Event: 16,817 Thread 0x00007f575457f800 nmethod 1997 0x00007f57452a85d0 code [0x00007f57452a8740, 0x00007f57452a8a38]
Event: 16,821 Thread 0x00007f5754581000 1998       3       java.util.Formatter$Flags::contains (22 bytes)
Event: 16,821 Thread 0x00007f5754581000 nmethod 1998 0x00007f57452588d0 code [0x00007f5745258a40, 0x00007f5745258c30]
Event: 16,825 Thread 0x00007f5754581000 1999       3       java.io.File::isDirectory (43 bytes)
Event: 16,826 Thread 0x00007f5754581000 nmethod 1999 0x00007f574513b350 code [0x00007f574513b540, 0x00007f574513bd48]
Event: 16,917 Thread 0x00007f5754581000 2000       1       org.deeplearning4j.nn.conf.layers.Layer::getLayerName (5 bytes)
Event: 16,918 Thread 0x00007f5754581000 nmethod 2000 0x00007f57452035d0 code [0x00007f5745203720, 0x00007f5745203830]
Event: 17,072 Thread 0x00007f575457f800 2001       4       java.net.URLStreamHandler::parseURL (1193 bytes)

GC Heap History (10 events):
Event: 3,400 GC heap after
Heap after GC invocations=4 (full 0):
 PSYoungGen      total 34304K, used 2542K [0x00000000ebf80000, 0x00000000ee380000, 0x0000000100000000)
  eden space 31744K, 0% used [0x00000000ebf80000,0x00000000ebf80000,0x00000000ede80000)
  from space 2560K, 99% used [0x00000000ee100000,0x00000000ee37bab8,0x00000000ee380000)
  to   space 2560K, 0% used [0x00000000ede80000,0x00000000ede80000,0x00000000ee100000)
 ParOldGen       total 42496K, used 3501K [0x00000000c3e00000, 0x00000000c6780000, 0x00000000ebf80000)
  object space 42496K, 8% used [0x00000000c3e00000,0x00000000c416b660,0x00000000c6780000)
 Metaspace       used 13183K, capacity 13301K, committed 13568K, reserved 1060864K
  class space    used 1451K, capacity 1514K, committed 1536K, reserved 1048576K
}
Event: 3,973 GC heap before
{Heap before GC invocations=5 (full 0):
 PSYoungGen      total 34304K, used 34286K [0x00000000ebf80000, 0x00000000ee380000, 0x0000000100000000)
  eden space 31744K, 100% used [0x00000000ebf80000,0x00000000ede80000,0x00000000ede80000)
  from space 2560K, 99% used [0x00000000ee100000,0x00000000ee37bab8,0x00000000ee380000)
  to   space 2560K, 0% used [0x00000000ede80000,0x00000000ede80000,0x00000000ee100000)
 ParOldGen       total 42496K, used 3501K [0x00000000c3e00000, 0x00000000c6780000, 0x00000000ebf80000)
  object space 42496K, 8% used [0x00000000c3e00000,0x00000000c416b660,0x00000000c6780000)
 Metaspace       used 13208K, capacity 13365K, committed 13568K, reserved 1060864K
  class space    used 1451K, capacity 1514K, committed 1536K, reserved 1048576K
Event: 4,051 GC heap after
Heap after GC invocations=5 (full 0):
 PSYoungGen      total 34304K, used 2548K [0x00000000ebf80000, 0x00000000f0b80000, 0x0000000100000000)
  eden space 31744K, 0% used [0x00000000ebf80000,0x00000000ebf80000,0x00000000ede80000)
  from space 2560K, 99% used [0x00000000ede80000,0x00000000ee0fd268,0x00000000ee100000)
  to   space 7168K, 0% used [0x00000000f0480000,0x00000000f0480000,0x00000000f0b80000)
 ParOldGen       total 42496K, used 7069K [0x00000000c3e00000, 0x00000000c6780000, 0x00000000ebf80000)
  object space 42496K, 16% used [0x00000000c3e00000,0x00000000c44e7720,0x00000000c6780000)
 Metaspace       used 13208K, capacity 13365K, committed 13568K, reserved 1060864K
  class space    used 1451K, capacity 1514K, committed 1536K, reserved 1048576K
}
Event: 4,476 GC heap before
{Heap before GC invocations=6 (full 0):
 PSYoungGen      total 34304K, used 34292K [0x00000000ebf80000, 0x00000000f0b80000, 0x0000000100000000)
  eden space 31744K, 100% used [0x00000000ebf80000,0x00000000ede80000,0x00000000ede80000)
  from space 2560K, 99% used [0x00000000ede80000,0x00000000ee0fd268,0x00000000ee100000)
  to   space 7168K, 0% used [0x00000000f0480000,0x00000000f0480000,0x00000000f0b80000)
 ParOldGen       total 42496K, used 7069K [0x00000000c3e00000, 0x00000000c6780000, 0x00000000ebf80000)
  object space 42496K, 16% used [0x00000000c3e00000,0x00000000c44e7720,0x00000000c6780000)
 Metaspace       used 13211K, capacity 13365K, committed 13568K, reserved 1060864K
  class space    used 1451K, capacity 1514K, committed 1536K, reserved 1048576K
Event: 4,495 GC heap after
Heap after GC invocations=6 (full 0):
 PSYoungGen      total 70144K, used 5332K [0x00000000ebf80000, 0x00000000f0c80000, 0x0000000100000000)
  eden space 62976K, 0% used [0x00000000ebf80000,0x00000000ebf80000,0x00000000efd00000)
  from space 7168K, 74% used [0x00000000f0480000,0x00000000f09b51f0,0x00000000f0b80000)
  to   space 7680K, 0% used [0x00000000efd00000,0x00000000efd00000,0x00000000f0480000)
 ParOldGen       total 42496K, used 7069K [0x00000000c3e00000, 0x00000000c6780000, 0x00000000ebf80000)
  object space 42496K, 16% used [0x00000000c3e00000,0x00000000c44e7720,0x00000000c6780000)
 Metaspace       used 13211K, capacity 13365K, committed 13568K, reserved 1060864K
  class space    used 1451K, capacity 1514K, committed 1536K, reserved 1048576K
}
Event: 5,563 GC heap before
{Heap before GC invocations=7 (full 0):
 PSYoungGen      total 70144K, used 68308K [0x00000000ebf80000, 0x00000000f0c80000, 0x0000000100000000)
  eden space 62976K, 100% used [0x00000000ebf80000,0x00000000efd00000,0x00000000efd00000)
  from space 7168K, 74% used [0x00000000f0480000,0x00000000f09b51f0,0x00000000f0b80000)
  to   space 7680K, 0% used [0x00000000efd00000,0x00000000efd00000,0x00000000f0480000)
 ParOldGen       total 42496K, used 7069K [0x00000000c3e00000, 0x00000000c6780000, 0x00000000ebf80000)
  object space 42496K, 16% used [0x00000000c3e00000,0x00000000c44e7720,0x00000000c6780000)
 Metaspace       used 14478K, capacity 14593K, committed 14720K, reserved 1062912K
  class space    used 1583K, capacity 1644K, committed 1664K, reserved 1048576K
Event: 5,589 GC heap after
Heap after GC invocations=7 (full 0):
 PSYoungGen      total 70656K, used 7044K [0x00000000ebf80000, 0x00000000f4b80000, 0x0000000100000000)
  eden space 62976K, 0% used [0x00000000ebf80000,0x00000000ebf80000,0x00000000efd00000)
  from space 7680K, 91% used [0x00000000efd00000,0x00000000f03e13d0,0x00000000f0480000)
  to   space 8704K, 0% used [0x00000000f4300000,0x00000000f4300000,0x00000000f4b80000)
 ParOldGen       total 42496K, used 8504K [0x00000000c3e00000, 0x00000000c6780000, 0x00000000ebf80000)
  object space 42496K, 20% used [0x00000000c3e00000,0x00000000c464e170,0x00000000c6780000)
 Metaspace       used 14478K, capacity 14593K, committed 14720K, reserved 1062912K
  class space    used 1583K, capacity 1644K, committed 1664K, reserved 1048576K
}
Event: 6,177 GC heap before
{Heap before GC invocations=8 (full 0):
 PSYoungGen      total 70656K, used 70020K [0x00000000ebf80000, 0x00000000f4b80000, 0x0000000100000000)
  eden space 62976K, 100% used [0x00000000ebf80000,0x00000000efd00000,0x00000000efd00000)
  from space 7680K, 91% used [0x00000000efd00000,0x00000000f03e13d0,0x00000000f0480000)
  to   space 8704K, 0% used [0x00000000f4300000,0x00000000f4300000,0x00000000f4b80000)
 ParOldGen       total 42496K, used 8504K [0x00000000c3e00000, 0x00000000c6780000, 0x00000000ebf80000)
  object space 42496K, 20% used [0x00000000c3e00000,0x00000000c464e170,0x00000000c6780000)
 Metaspace       used 14994K, capacity 15169K, committed 15360K, reserved 1062912K
  class space    used 1647K, capacity 1708K, committed 1792K, reserved 1048576K
Event: 6,214 GC heap after
Heap after GC invocations=8 (full 0):
 PSYoungGen      total 133120K, used 8695K [0x00000000ebf80000, 0x00000000f4e80000, 0x0000000100000000)
  eden space 124416K, 0% used [0x00000000ebf80000,0x00000000ebf80000,0x00000000f3900000)
  from space 8704K, 99% used [0x00000000f4300000,0x00000000f4b7de08,0x00000000f4b80000)
  to   space 10240K, 0% used [0x00000000f3900000,0x00000000f3900000,0x00000000f4300000)
 ParOldGen       total 42496K, used 9625K [0x00000000c3e00000, 0x00000000c6780000, 0x00000000ebf80000)
  object space 42496K, 22% used [0x00000000c3e00000,0x00000000c4766420,0x00000000c6780000)
 Metaspace       used 14994K, capacity 15169K, committed 15360K, reserved 1062912K
  class space    used 1647K, capacity 1708K, committed 1792K, reserved 1048576K
}
Event: 17,153 GC heap before
{Heap before GC invocations=9 (full 0):
 PSYoungGen      total 133120K, used 133111K [0x00000000ebf80000, 0x00000000f4e80000, 0x0000000100000000)
  eden space 124416K, 100% used [0x00000000ebf80000,0x00000000f3900000,0x00000000f3900000)
  from space 8704K, 99% used [0x00000000f4300000,0x00000000f4b7de08,0x00000000f4b80000)
  to   space 10240K, 0% used [0x00000000f3900000,0x00000000f3900000,0x00000000f4300000)
 ParOldGen       total 42496K, used 9625K [0x00000000c3e00000, 0x00000000c6780000, 0x00000000ebf80000)
  object space 42496K, 22% used [0x00000000c3e00000,0x00000000c4766420,0x00000000c6780000)
 Metaspace       used 19633K, capacity 19800K, committed 20096K, reserved 1067008K
  class space    used 1833K, capacity 1901K, committed 1920K, reserved 1048576K

Deoptimization events (10 events):
Event: 2,050 Thread 0x00007f575400f000 Uncommon trap: reason=class_check action=maybe_recompile pc=0x00007f5745258648 method=java.util.regex.Pattern$CharProperty.match(Ljava/util/regex/Matcher;ILjava/lang/CharSequence;)Z @ 37
Event: 2,050 Thread 0x00007f575400f000 Uncommon trap: reason=class_check action=maybe_recompile pc=0x00007f5745258648 method=java.util.regex.Pattern$CharProperty.match(Ljava/util/regex/Matcher;ILjava/lang/CharSequence;)Z @ 37
Event: 2,053 Thread 0x00007f575400f000 Uncommon trap: reason=class_check action=maybe_recompile pc=0x00007f5745258648 method=java.util.regex.Pattern$CharProperty.match(Ljava/util/regex/Matcher;ILjava/lang/CharSequence;)Z @ 37
Event: 2,053 Thread 0x00007f575400f000 Uncommon trap: reason=class_check action=maybe_recompile pc=0x00007f5745258648 method=java.util.regex.Pattern$CharProperty.match(Ljava/util/regex/Matcher;ILjava/lang/CharSequence;)Z @ 37
Event: 3,366 Thread 0x00007f575400f000 Uncommon trap: reason=bimorphic action=maybe_recompile pc=0x00007f57452d39ec method=java.util.regex.Matcher.match(II)Z @ 86
Event: 3,366 Thread 0x00007f575400f000 Uncommon trap: reason=bimorphic action=maybe_recompile pc=0x00007f57452d39ec method=java.util.regex.Matcher.match(II)Z @ 86
Event: 3,366 Thread 0x00007f575400f000 Uncommon trap: reason=bimorphic action=maybe_recompile pc=0x00007f57452d39ec method=java.util.regex.Matcher.match(II)Z @ 86
Event: 3,366 Thread 0x00007f575400f000 Uncommon trap: reason=bimorphic action=maybe_recompile pc=0x00007f57452d39ec method=java.util.regex.Matcher.match(II)Z @ 86
Event: 4,327 Thread 0x00007f575400f000 Uncommon trap: reason=unstable_if action=reinterpret pc=0x00007f5745308714 method=java.io.DataInputStream.readUTF(Ljava/io/DataInput;)Ljava/lang/String; @ 112
Event: 5,599 Thread 0x00007f575400f000 Uncommon trap: reason=null_check action=make_not_entrant pc=0x00007f574539a2c4 method=org.reflections.vfs.ZipDir$1$1.computeNext()Lorg/reflections/vfs/Vfs$File; @ 55

Internal exceptions (10 events):
Event: 0,413 Thread 0x00007f575400f000 Exception <a 'java/security/PrivilegedActionException'> (0x00000000ec186878) thrown at [/HUDSON3/workspace/8-2-build-linux-amd64/jdk8u121/8372/hotspot/src/share/vm/prims/jvm.cpp, line 1390]
Event: 0,413 Thread 0x00007f575400f000 Exception <a 'java/security/PrivilegedActionException'> (0x00000000ec186a88) thrown at [/HUDSON3/workspace/8-2-build-linux-amd64/jdk8u121/8372/hotspot/src/share/vm/prims/jvm.cpp, line 1390]
Event: 0,746 Thread 0x00007f575400f000 Exception <a 'java/security/PrivilegedActionException'> (0x00000000ec6698a0) thrown at [/HUDSON3/workspace/8-2-build-linux-amd64/jdk8u121/8372/hotspot/src/share/vm/prims/jvm.cpp, line 1390]
Event: 0,746 Thread 0x00007f575400f000 Exception <a 'java/security/PrivilegedActionException'> (0x00000000ec669ab0) thrown at [/HUDSON3/workspace/8-2-build-linux-amd64/jdk8u121/8372/hotspot/src/share/vm/prims/jvm.cpp, line 1390]
Event: 0,749 Thread 0x00007f575400f000 Exception <a 'java/security/PrivilegedActionException'> (0x00000000ec66bdd8) thrown at [/HUDSON3/workspace/8-2-build-linux-amd64/jdk8u121/8372/hotspot/src/share/vm/prims/jvm.cpp, line 1390]
Event: 0,749 Thread 0x00007f575400f000 Exception <a 'java/security/PrivilegedActionException'> (0x00000000ec66bfe8) thrown at [/HUDSON3/workspace/8-2-build-linux-amd64/jdk8u121/8372/hotspot/src/share/vm/prims/jvm.cpp, line 1390]
Event: 0,759 Thread 0x00007f575400f000 Implicit null exception at 0x00007f57451779f6 to 0x00007f5745177d9d
Event: 1,925 Thread 0x00007f575400f000 Exception <a 'java/lang/NoSuchFieldError': method resolution failed> (0x00000000ecbffbd0) thrown at [/HUDSON3/workspace/8-2-build-linux-amd64/jdk8u121/8372/hotspot/src/share/vm/prims/methodHandles.cpp, line 1146]
Event: 1,932 Thread 0x00007f575400f000 Exception <a 'java/lang/NoSuchFieldError': method resolution failed> (0x00000000ecc0db60) thrown at [/HUDSON3/workspace/8-2-build-linux-amd64/jdk8u121/8372/hotspot/src/share/vm/prims/methodHandles.cpp, line 1146]
Event: 5,599 Thread 0x00007f575400f000 Implicit null exception at 0x00007f57453998ff to 0x00007f574539a2b9

Events (10 events):
Event: 17,070 loading class org/deeplearning4j/nn/layers/convolution/subsampling/CudnnSubsamplingHelper done
Event: 17,070 loading class org/deeplearning4j/nn/layers/convolution/CudnnConvolutionHelper
Event: 17,070 loading class org/deeplearning4j/nn/layers/convolution/CudnnConvolutionHelper done
Event: 17,072 loading class org/deeplearning4j/nn/layers/convolution/subsampling/CudnnSubsamplingHelper
Event: 17,072 loading class org/deeplearning4j/nn/layers/convolution/subsampling/CudnnSubsamplingHelper done
Event: 17,072 loading class org/deeplearning4j/nn/layers/convolution/CudnnConvolutionHelper
Event: 17,072 loading class org/deeplearning4j/nn/layers/convolution/CudnnConvolutionHelper done
Event: 17,074 loading class org/deeplearning4j/nn/layers/convolution/subsampling/CudnnSubsamplingHelper
Event: 17,074 loading class org/deeplearning4j/nn/layers/convolution/subsampling/CudnnSubsamplingHelper done
Event: 17,146 Executing VM operation: ParallelGCFailedAllocation


Dynamic libraries:
00400000-00401000 r-xp 00000000 08:01 4994462                            /usr/local/jdk1.8.0_121/bin/java
00600000-00601000 rw-p 00000000 08:01 4994462                            /usr/local/jdk1.8.0_121/bin/java
01e66000-01e87000 rw-p 00000000 00:00 0                                  [heap]
c3e00000-c6780000 rw-p 00000000 00:00 0 
c6780000-ebf80000 ---p 00000000 00:00 0 
ebf80000-f4e80000 rw-p 00000000 00:00 0 
f9c00000-100000000 ---p 00000000 00:00 0 
100000000-1001e0000 rw-p 00000000 00:00 0 
1001e0000-140000000 ---p 00000000 00:00 0 
7f56d4000000-7f56d7f8e000 rw-p 00000000 00:00 0 
7f56d7f8e000-7f56d8000000 ---p 00000000 00:00 0 
7f56d8000000-7f56d9946000 rw-p 00000000 00:00 0 
7f56d9946000-7f56dc000000 ---p 00000000 00:00 0 
7f56dc000000-7f56dfffe000 rw-p 00000000 00:00 0 
7f56dfffe000-7f56e0000000 ---p 00000000 00:00 0 
7f56e0000000-7f56e4000000 rw-p 00000000 00:00 0 
7f56e4000000-7f56e7f85000 rw-p 00000000 00:00 0 
7f56e7f85000-7f56e8000000 ---p 00000000 00:00 0 
7f56e8000000-7f56ebfff000 rw-p 00000000 00:00 0 
7f56ebfff000-7f56ec000000 ---p 00000000 00:00 0 
7f56ec000000-7f56effcb000 rw-p 00000000 00:00 0 
7f56effcb000-7f56f0000000 ---p 00000000 00:00 0 
7f56f0a3d000-7f56f6a3d000 rw-p 00000000 00:00 0 
7f56f6a3d000-7f56f793f000 r-xp 00000000 08:01 4090498                    /home/duser/.javacpp/cache/openblas-0.2.19-1.3-linux-x86_64.jar/org/bytedeco/javacpp/linux-x86_64/libjniopenblas.so
7f56f793f000-7f56f7b3e000 ---p 00f02000 08:01 4090498                    /home/duser/.javacpp/cache/openblas-0.2.19-1.3-linux-x86_64.jar/org/bytedeco/javacpp/linux-x86_64/libjniopenblas.so
7f56f7b3e000-7f56f7b46000 rw-p 00f01000 08:01 4090498                    /home/duser/.javacpp/cache/openblas-0.2.19-1.3-linux-x86_64.jar/org/bytedeco/javacpp/linux-x86_64/libjniopenblas.so
7f56f7b46000-7f56f9b46000 rw-p 00000000 00:00 0 
7f56f9b46000-7f56fbd7e000 r-xp 00000000 08:01 4090496                    /home/duser/.javacpp/cache/openblas-0.2.19-1.3-linux-x86_64.jar/org/bytedeco/javacpp/linux-x86_64/libopenblas.so.0
7f56fbd7e000-7f56fbf7e000 ---p 02238000 08:01 4090496                    /home/duser/.javacpp/cache/openblas-0.2.19-1.3-linux-x86_64.jar/org/bytedeco/javacpp/linux-x86_64/libopenblas.so.0
7f56fbf7e000-7f56fbf9d000 rw-p 02238000 08:01 4090496                    /home/duser/.javacpp/cache/openblas-0.2.19-1.3-linux-x86_64.jar/org/bytedeco/javacpp/linux-x86_64/libopenblas.so.0
7f56fbf9d000-7f56fc000000 rw-p 00000000 00:00 0 
7f56fc000000-7f56fc021000 rw-p 00000000 00:00 0 
7f56fc021000-7f5700000000 ---p 00000000 00:00 0 
7f570003e000-7f570003f000 ---p 00000000 00:00 0 
7f570003f000-7f570083f000 rw-p 00000000 00:00 0 
7f570083f000-7f5700840000 ---p 00000000 00:00 0 
7f5700840000-7f5701040000 rw-p 00000000 00:00 0 
7f5701040000-7f5701041000 ---p 00000000 00:00 0 
7f5701041000-7f5701841000 rw-p 00000000 00:00 0 
7f5701841000-7f5701931000 r-xp 00000000 08:01 4090494                    /home/duser/.javacpp/cache/openblas-0.2.19-1.3-linux-x86_64.jar/org/bytedeco/javacpp/linux-x86_64/libgfortran.so.3
7f5701931000-7f5701b30000 ---p 000f0000 08:01 4090494                    /home/duser/.javacpp/cache/openblas-0.2.19-1.3-linux-x86_64.jar/org/bytedeco/javacpp/linux-x86_64/libgfortran.so.3
7f5701b30000-7f5701b32000 rw-p 000ef000 08:01 4090494                    /home/duser/.javacpp/cache/openblas-0.2.19-1.3-linux-x86_64.jar/org/bytedeco/javacpp/linux-x86_64/libgfortran.so.3
7f5701b32000-7f5701b33000 rw-p 00000000 00:00 0 
7f5701b33000-7f5701b49000 r-xp 00000000 08:01 4090492                    /home/duser/.javacpp/cache/openblas-0.2.19-1.3-linux-x86_64.jar/org/bytedeco/javacpp/linux-x86_64/libgcc_s.so.1
7f5701b49000-7f5701d48000 ---p 00016000 08:01 4090492                    /home/duser/.javacpp/cache/openblas-0.2.19-1.3-linux-x86_64.jar/org/bytedeco/javacpp/linux-x86_64/libgcc_s.so.1
7f5701d48000-7f5701d49000 rw-p 00015000 08:01 4090492                    /home/duser/.javacpp/cache/openblas-0.2.19-1.3-linux-x86_64.jar/org/bytedeco/javacpp/linux-x86_64/libgcc_s.so.1
7f5701d49000-7f5701f09000 rw-p 00000000 00:00 0 
7f5701f09000-7f5701f49000 ---p 00000000 00:00 0 
7f5701f49000-7f57021af000 r-xp 00000000 08:01 4090392                    /home/duser/.javacpp/cache/opencv-3.1.0-1.3-linux-x86_64.jar/org/bytedeco/javacpp/linux-x86_64/libjniopencv_core.so
7f57021af000-7f57023af000 ---p 00266000 08:01 4090392                    /home/duser/.javacpp/cache/opencv-3.1.0-1.3-linux-x86_64.jar/org/bytedeco/javacpp/linux-x86_64/libjniopencv_core.so
7f57023af000-7f57023b2000 rw-p 00266000 08:01 4090392                    /home/duser/.javacpp/cache/opencv-3.1.0-1.3-linux-x86_64.jar/org/bytedeco/javacpp/linux-x86_64/libjniopencv_core.so
7f57023b2000-7f57023b3000 ---p 00000000 00:00 0 
7f57023b3000-7f5702bb3000 rw-p 00000000 00:00 0 
7f5702bb3000-7f5702bb4000 ---p 00000000 00:00 0 
7f5702bb4000-7f5708000000 rw-p 00000000 00:00 0 
7f5708000000-7f5708021000 rw-p 00000000 00:00 0 
7f5708021000-7f570c000000 ---p 00000000 00:00 0 
7f570c000000-7f570c021000 rw-p 00000000 00:00 0 
7f570c021000-7f5710000000 ---p 00000000 00:00 0 
7f5710000000-7f5710692000 rw-p 00000000 00:00 0 
7f5710692000-7f5714000000 ---p 00000000 00:00 0 
7f5714000000-7f5714021000 rw-p 00000000 00:00 0 
7f5714021000-7f5718000000 ---p 00000000 00:00 0 
7f5718000000-7f5718021000 rw-p 00000000 00:00 0 
7f5718021000-7f571c000000 ---p 00000000 00:00 0 
7f571c000000-7f571e631000 rw-p 00000000 00:00 0 
7f571e631000-7f5720000000 ---p 00000000 00:00 0 
7f5720149000-7f5720349000 rw-p 00000000 00:00 0 
7f5720349000-7f5720558000 r-xp 00000000 08:01 4090390                    /home/duser/.javacpp/cache/opencv-3.1.0-1.3-linux-x86_64.jar/org/bytedeco/javacpp/linux-x86_64/libopencv_imgproc.so.3.1
7f5720558000-7f5720757000 ---p 0020f000 08:01 4090390                    /home/duser/.javacpp/cache/opencv-3.1.0-1.3-linux-x86_64.jar/org/bytedeco/javacpp/linux-x86_64/libopencv_imgproc.so.3.1
7f5720757000-7f5720769000 rw-p 0020e000 08:01 4090390                    /home/duser/.javacpp/cache/opencv-3.1.0-1.3-linux-x86_64.jar/org/bytedeco/javacpp/linux-x86_64/libopencv_imgproc.so.3.1
7f5720769000-7f57207fe000 rw-p 00000000 00:00 0 
7f57207fe000-7f57207ff000 ---p 00000000 00:00 0 
7f57207ff000-7f5724000000 rw-p 00000000 00:00 0 
7f5724000000-7f5724021000 rw-p 00000000 00:00 0 
7f5724021000-7f5728000000 ---p 00000000 00:00 0 
7f5728000000-7f5728021000 rw-p 00000000 00:00 0 
7f5728021000-7f572c000000 ---p 00000000 00:00 0 
7f572c000000-7f572c021000 rw-p 00000000 00:00 0 
7f572c021000-7f5730000000 ---p 00000000 00:00 0 
7f5730000000-7f5730021000 rw-p 00000000 00:00 0 
7f5730021000-7f5734000000 ---p 00000000 00:00 0 
7f5734000000-7f5734021000 rw-p 00000000 00:00 0 
7f5734021000-7f5738000000 ---p 00000000 00:00 0 
7f5738000000-7f573828f000 rw-p 00000000 00:00 0 
7f573828f000-7f573c000000 ---p 00000000 00:00 0 
7f573c000000-7f573c021000 rw-p 00000000 00:00 0 
7f573c021000-7f5740000000 ---p 00000000 00:00 0 
7f574002c000-7f574022f000 r-xp 00000000 08:01 4090388                    /home/duser/.javacpp/cache/opencv-3.1.0-1.3-linux-x86_64.jar/org/bytedeco/javacpp/linux-x86_64/libopencv_core.so.3.1
7f574022f000-7f574042f000 ---p 00203000 08:01 4090388                    /home/duser/.javacpp/cache/opencv-3.1.0-1.3-linux-x86_64.jar/org/bytedeco/javacpp/linux-x86_64/libopencv_core.so.3.1
7f574042f000-7f5740436000 rw-p 00203000 08:01 4090388                    /home/duser/.javacpp/cache/opencv-3.1.0-1.3-linux-x86_64.jar/org/bytedeco/javacpp/linux-x86_64/libopencv_core.so.3.1
7f5740436000-7f5740638000 rw-p 00000000 00:00 0 
7f5740638000-7f5740838000 rw-p 00000000 00:00 0 
7f5740838000-7f574083b000 ---p 00000000 00:00 0 
7f574083b000-7f5740b39000 rw-p 00000000 00:00 0 
7f5740b39000-7f5740bb6000 r-xp 00000000 08:01 3954179                    /home/duser/.javacpp/cache/nd4j-native-0.7.2-linux-x86_64.jar/org/nd4j/nativeblas/linux-x86_64/libjnind4jcpu.so
7f5740bb6000-7f5740db5000 ---p 0007d000 08:01 3954179                    /home/duser/.javacpp/cache/nd4j-native-0.7.2-linux-x86_64.jar/org/nd4j/nativeblas/linux-x86_64/libjnind4jcpu.so
7f5740db5000-7f5740db6000 rw-p 0007c000 08:01 3954179                    /home/duser/.javacpp/cache/nd4j-native-0.7.2-linux-x86_64.jar/org/nd4j/nativeblas/linux-x86_64/libjnind4jcpu.so
7f5740db6000-7f5740dcc000 r-xp 00000000 08:01 658182                     /lib/x86_64-linux-gnu/libgcc_s.so.1
7f5740dcc000-7f5740fcb000 ---p 00016000 08:01 658182                     /lib/x86_64-linux-gnu/libgcc_s.so.1
7f5740fcb000-7f5740fcc000 rw-p 00015000 08:01 658182                     /lib/x86_64-linux-gnu/libgcc_s.so.1
7f5740fcc000-7f574113e000 r-xp 00000000 08:01 4850033                    /usr/lib/x86_64-linux-gnu/libstdc++.so.6.0.21
7f574113e000-7f574133e000 ---p 00172000 08:01 4850033                    /usr/lib/x86_64-linux-gnu/libstdc++.so.6.0.21
7f574133e000-7f5741348000 r--p 00172000 08:01 4850033                    /usr/lib/x86_64-linux-gnu/libstdc++.so.6.0.21
7f5741348000-7f574134a000 rw-p 0017c000 08:01 4850033                    /usr/lib/x86_64-linux-gnu/libstdc++.so.6.0.21
7f574134a000-7f574134e000 rw-p 00000000 00:00 0 
7f5741376000-7f5741578000 r-xp 00000000 08:01 3954145                    /home/duser/.javacpp/cache/nd4j-native-0.7.2-linux-x86_64.jar/org/nd4j/nativeblas/linux-x86_64/libnd4jcpu.so
7f5741578000-7f5741778000 ---p 00202000 08:01 3954145                    /home/duser/.javacpp/cache/nd4j-native-0.7.2-linux-x86_64.jar/org/nd4j/nativeblas/linux-x86_64/libnd4jcpu.so
7f5741778000-7f5741779000 rw-p 00202000 08:01 3954145                    /home/duser/.javacpp/cache/nd4j-native-0.7.2-linux-x86_64.jar/org/nd4j/nativeblas/linux-x86_64/libnd4jcpu.so
7f5741779000-7f574178a000 r-xp 00000000 08:01 2228946                    /usr/local/jdk1.8.0_121/jre/lib/amd64/libnio.so
7f574178a000-7f5741989000 ---p 00011000 08:01 2228946                    /usr/local/jdk1.8.0_121/jre/lib/amd64/libnio.so
7f5741989000-7f574198a000 rw-p 00010000 08:01 2228946                    /usr/local/jdk1.8.0_121/jre/lib/amd64/libnio.so
7f574198a000-7f574199f000 r-xp 00000000 08:01 3954089                    /home/duser/.javacpp/cache/nd4j-native-0.7.2-linux-x86_64.jar/org/nd4j/nativeblas/linux-x86_64/libgomp.so.1
7f574199f000-7f5741b9e000 ---p 00015000 08:01 3954089                    /home/duser/.javacpp/cache/nd4j-native-0.7.2-linux-x86_64.jar/org/nd4j/nativeblas/linux-x86_64/libgomp.so.1
7f5741b9e000-7f5741b9f000 rw-p 00014000 08:01 3954089                    /home/duser/.javacpp/cache/nd4j-native-0.7.2-linux-x86_64.jar/org/nd4j/nativeblas/linux-x86_64/libgomp.so.1
7f5741b9f000-7f5741ba2000 ---p 00000000 00:00 0 
7f5741ba2000-7f5741ca0000 rw-p 00000000 00:00 0 
7f5741ca0000-7f5741ca1000 ---p 00000000 00:00 0 
7f5741ca1000-7f5741da1000 rw-p 00000000 00:00 0 
7f5741da1000-7f5741da4000 ---p 00000000 00:00 0 
7f5741da4000-7f5741ea2000 rw-p 00000000 00:00 0 
7f5741ea2000-7f5741eb8000 r-xp 00000000 08:01 2228921                    /usr/local/jdk1.8.0_121/jre/lib/amd64/libnet.so
7f5741eb8000-7f57420b8000 ---p 00016000 08:01 2228921                    /usr/local/jdk1.8.0_121/jre/lib/amd64/libnet.so
7f57420b8000-7f57420b9000 rw-p 00016000 08:01 2228921                    /usr/local/jdk1.8.0_121/jre/lib/amd64/libnet.so
7f57420b9000-7f57420bc000 ---p 00000000 00:00 0 
7f57420bc000-7f57421ba000 rw-p 00000000 00:00 0 
7f57421ba000-7f57421bd000 ---p 00000000 00:00 0 
7f57421bd000-7f57422bb000 rw-p 00000000 00:00 0 
7f57422bb000-7f57422be000 ---p 00000000 00:00 0 
7f57422be000-7f57423bc000 rw-p 00000000 00:00 0 
7f57423bc000-7f57423be000 r--s 0001a000 08:01 4750046                    /opt/idea-IC-182.3911.36/lib/idea_rt.jar
7f57423be000-7f57423c0000 r--s 00008000 08:01 4488592                    /home/duser/.m2/repository/gov/nist/math/jama/1.0.3/jama-1.0.3.jar
7f57423c0000-7f57423c2000 r--s 0000b000 08:01 2115576                    /home/duser/.m2/repository/com/github/yannrichet/JMathArray/1.0/JMathArray-1.0.jar
7f57423c2000-7f57423c3000 r--s 00005000 08:01 1985514                    /home/duser/.m2/repository/com/github/yannrichet/JMathIO/1.0/JMathIO-1.0.jar
7f57423c3000-7f57423c7000 r--s 00036000 08:01 1985512                    /home/duser/.m2/repository/com/github/yannrichet/JMathPlot/1.0.1/JMathPlot-1.0.1.jar
7f57423c7000-7f57423cc000 r--s 00016000 08:01 2236291                    /home/duser/.m2/repository/xml-apis/xml-apis/1.0.b2/xml-apis-1.0.b2.jar
7f57423cc000-7f57423ce000 r--s 0000e000 08:01 2236107                    /home/duser/.m2/repository/oro/oro/2.0.8/oro-2.0.8.jar
7f57423ce000-7f57423d0000 r--s 00008000 08:01 2236062                    /home/duser/.m2/repository/commons-logging/commons-logging/1.0.4/commons-logging-1.0.4.jar
7f57423d0000-7f57423d6000 r--s 00023000 08:01 2241572                    /home/duser/.m2/repository/commons-collections/commons-collections/2.1/commons-collections-2.1.jar
7f57423d6000-7f57423da000 r--s 00026000 08:01 2236058                    /home/duser/.m2/repository/commons-digester/commons-digester/1.6/commons-digester-1.6.jar
7f57423da000-7f57423df000 r--s 0002a000 08:01 2236056                    /home/duser/.m2/repository/commons-beanutils/commons-beanutils/1.7.0/commons-beanutils-1.7.0.jar
7f57423df000-7f57423e2000 r--s 00014000 08:01 2236306                    /home/duser/.m2/repository/commons-validator/commons-validator/1.2.0/commons-validator-1.2.0.jar
7f57423e2000-7f57423eb000 r--s 0006f000 08:01 4090348                    /home/duser/.m2/repository/log4j/log4j/1.2.17/log4j-1.2.17.jar
7f57423eb000-7f57423ed000 r--s 00001000 08:01 4090346                    /home/duser/.m2/repository/org/slf4j/slf4j-log4j12/1.7.5/slf4j-log4j12-1.7.5.jar
7f57423ed000-7f57423ef000 r--s 00005000 08:01 4090345                    /home/duser/.m2/repository/org/slf4j/slf4j-api/1.7.5/slf4j-api-1.7.5.jar
7f57423ef000-7f57423f0000 r--s 000ac000 08:01 6445473                    /home/duser/.m2/repository/org/nd4j/nd4j-native/0.7.2/nd4j-native-0.7.2-linux-ppc64le.jar
7f57423f0000-7f57423f1000 r--s 00137000 08:01 6445469                    /home/duser/.m2/repository/org/nd4j/nd4j-native/0.7.2/nd4j-native-0.7.2-windows-x86_64.jar
7f57423f1000-7f57423f2000 r--s 00105000 08:01 6445471                    /home/duser/.m2/repository/org/nd4j/nd4j-native/0.7.2/nd4j-native-0.7.2-macosx-x86_64.jar
7f57423f2000-7f57423f3000 r--s 0009d000 08:01 6445477                    /home/duser/.m2/repository/org/nd4j/nd4j-native/0.7.2/nd4j-native-0.7.2-linux-x86_64.jar
7f57423f3000-7f57423f4000 r--s 0010a000 08:01 6445465                    /home/duser/.m2/repository/org/nd4j/nd4j-native/0.7.2/nd4j-native-0.7.2-android-x86.jar
7f57423f4000-7f57423f5000 r--s 000c8000 08:01 6445467                    /home/duser/.m2/repository/org/nd4j/nd4j-native/0.7.2/nd4j-native-0.7.2-android-arm.jar
7f57423f5000-7f57423f6000 r--s 00008000 08:01 6954170                    /home/duser/.m2/repository/org/nd4j/nd4j-native-api/0.7.2/nd4j-native-api-0.7.2.jar
7f57423f6000-7f57423f7000 r--s 00639000 08:01 1984348                    /home/duser/.m2/repository/org/bytedeco/javacpp-presets/openblas/0.2.19-1.3/openblas-0.2.19-1.3-linux-ppc64le.jar
7f57423f7000-7f57423f8000 r--s 00ad9000 08:01 1984354                    /home/duser/.m2/repository/org/bytedeco/javacpp-presets/openblas/0.2.19-1.3/openblas-0.2.19-1.3-windows-x86_64.jar
7f57423f8000-7f57423fa000 r--s 00bd4000 08:01 1984356                    /home/duser/.m2/repository/org/bytedeco/javacpp-presets/openblas/0.2.19-1.3/openblas-0.2.19-1.3-macosx-x86_64.jar
7f57423fa000-7f57423fb000 r--s 00b04000 08:01 1984785                    /home/duser/.m2/repository/org/bytedeco/javacpp-presets/openblas/0.2.19-1.3/openblas-0.2.19-1.3-linux-x86_64.jar
7f57423fb000-7f57423fc000 r--s 00104000 08:01 1984358                    /home/duser/.m2/repository/org/bytedeco/javacpp-presets/openblas/0.2.19-1.3/openblas-0.2.19-1.3-android-x86.jar
7f57423fc000-7f57423fd000 r--s 0009e000 08:01 1984784                    /home/duser/.m2/repository/org/bytedeco/javacpp-presets/openblas/0.2.19-1.3/openblas-0.2.19-1.3-android-arm.jar
7f57423fd000-7f57423fe000 r--s 0001c000 08:01 1984359                    /home/duser/.m2/repository/org/bytedeco/javacpp-presets/openblas/0.2.19-1.3/openblas-0.2.19-1.3.jar
7f57423fe000-7f5742400000 r--s 0000e000 08:01 6445463                    /home/duser/.m2/repository/org/nd4j/nd4j-native/0.7.2/nd4j-native-0.7.2.jar
7f5742400000-7f5742401000 r--s 00000000 08:01 4490596                    /home/duser/.m2/repository/org/nd4j/nd4j-native-platform/0.7.2/nd4j-native-platform-0.7.2.jar
7f5742401000-7f5742402000 r--s 00239000 08:01 1077725                    /home/duser/.m2/repository/org/bytedeco/javacpp-presets/leptonica/1.73-1.3/leptonica-1.73-1.3-linux-ppc64le.jar
7f5742402000-7f5742404000 r--s 00291000 08:01 1077722                    /home/duser/.m2/repository/org/bytedeco/javacpp-presets/leptonica/1.73-1.3/leptonica-1.73-1.3-windows-x86_64.jar
7f5742404000-7f5742405000 r--s 00254000 08:01 1077720                    /home/duser/.m2/repository/org/bytedeco/javacpp-presets/leptonica/1.73-1.3/leptonica-1.73-1.3-macosx-x86_64.jar
7f5742405000-7f5742407000 r--s 00242000 08:01 1077701                    /home/duser/.m2/repository/org/bytedeco/javacpp-presets/leptonica/1.73-1.3/leptonica-1.73-1.3-linux-x86_64.jar
7f5742407000-7f5742408000 r--s 00245000 08:01 1077716                    /home/duser/.m2/repository/org/bytedeco/javacpp-presets/leptonica/1.73-1.3/leptonica-1.73-1.3-android-x86.jar
7f5742408000-7f5742409000 r--s 001e0000 08:01 1077714                    /home/duser/.m2/repository/org/bytedeco/javacpp-presets/leptonica/1.73-1.3/leptonica-1.73-1.3-android-arm.jar
7f5742409000-7f574240c000 r--s 00021000 08:01 1077712                    /home/duser/.m2/repository/org/bytedeco/javacpp-presets/leptonica/1.73-1.3/leptonica-1.73-1.3.jar
7f574240c000-7f574240e000 r--s 00988000 08:01 1077710                    /home/duser/.m2/repository/org/bytedeco/javacpp-presets/opencv/3.1.0-1.3/opencv-3.1.0-1.3-linux-ppc64le.jar
7f574240e000-7f5742411000 r--s 009d8000 08:01 1077708                    /home/duser/.m2/repository/org/bytedeco/javacpp-presets/opencv/3.1.0-1.3/opencv-3.1.0-1.3-windows-x86_64.jar
7f5742411000-7f5742413000 r--s 00821000 08:01 1077706                    /home/duser/.m2/repository/org/bytedeco/javacpp-presets/opencv/3.1.0-1.3/opencv-3.1.0-1.3-macosx-x86_64.jar
7f5742413000-7f5742416000 r--s 007bf000 08:01 1077700                    /home/duser/.m2/repository/org/bytedeco/javacpp-presets/opencv/3.1.0-1.3/opencv-3.1.0-1.3-linux-x86_64.jar
7f5742416000-7f5742418000 r--s 00bf0000 08:01 1077704                    /home/duser/.m2/repository/org/bytedeco/javacpp-presets/opencv/3.1.0-1.3/opencv-3.1.0-1.3-android-x86.jar
7f5742418000-7f574241a000 r--s 008f3000 08:01 1077682                    /home/duser/.m2/repository/org/bytedeco/javacpp-presets/opencv/3.1.0-1.3/opencv-3.1.0-1.3-android-arm.jar
7f574241a000-7f574242a000 r--s 00098000 08:01 1077702                    /home/duser/.m2/repository/org/bytedeco/javacpp-presets/opencv/3.1.0-1.3/opencv-3.1.0-1.3.jar
7f574242a000-7f574242b000 r--s 00002000 08:01 1077698                    /home/duser/.m2/repository/org/bytedeco/javacpp-presets/flandmark/1.07-1.3/flandmark-1.07-1.3.jar
7f574242b000-7f574242c000 r--s 00005000 08:01 1077696                    /home/duser/.m2/repository/org/bytedeco/javacpp-presets/artoolkitplus/2.3.1-1.3/artoolkitplus-2.3.1-1.3.jar
7f574242c000-7f574242d000 r--s 00003000 08:01 1077681                    /home/duser/.m2/repository/org/bytedeco/javacpp-presets/videoinput/0.200-1.3/videoinput-0.200-1.3.jar
7f574242d000-7f5742430000 r--s 00009000 08:01 1077692                    /home/duser/.m2/repository/org/bytedeco/javacpp-presets/librealsense/1.9.6-1.3/librealsense-1.9.6-1.3.jar
7f5742430000-7f5742432000 r--s 00004000 08:01 1077683                    /home/duser/.m2/repository/org/bytedeco/javacpp-presets/libfreenect/0.5.3-1.3/libfreenect-0.5.3-1.3.jar
7f5742432000-7f5742434000 r--s 00006000 08:01 1077688                    /home/duser/.m2/repository/org/bytedeco/javacpp-presets/libdc1394/2.2.4-1.3/libdc1394-2.2.4-1.3.jar
7f5742434000-7f5742438000 r--s 0001f000 08:01 1077686                    /home/duser/.m2/repository/org/bytedeco/javacpp-presets/flycapture/2.9.3.43-1.3/flycapture-2.9.3.43-1.3.jar
7f5742438000-7f574243f000 r--s 00033000 08:01 1077684                    /home/duser/.m2/repository/org/bytedeco/javacpp-presets/ffmpeg/3.2.1-1.3/ffmpeg-3.2.1-1.3.jar
7f574243f000-7f5742443000 r--s 00058000 08:01 1077680                    /home/duser/.m2/repository/org/bytedeco/javacv/1.3/javacv-1.3.jar
7f5742443000-7f5742448000 r--s 00048000 08:01 2517505                    /home/duser/.m2/repository/org/bytedeco/javacpp/1.3.1/javacpp-1.3.1.jar
7f5742448000-7f574244a000 r--s 0000b000 08:01 3159784                    /home/duser/.m2/repository/com/twelvemonkeys/imageio/imageio-bmp/3.1.1/imageio-bmp-3.1.1.jar
7f574244a000-7f574244c000 r--s 0000f000 08:01 3159785                    /home/duser/.m2/repository/com/twelvemonkeys/imageio/imageio-psd/3.1.1/imageio-psd-3.1.1.jar
7f574244c000-7f574244e000 r--s 0000e000 08:01 3159780                    /home/duser/.m2/repository/com/twelvemonkeys/imageio/imageio-tiff/3.1.1/imageio-tiff-3.1.1.jar
7f574244e000-7f5742451000 r--s 00012000 08:01 3159777                    /home/duser/.m2/repository/com/twelvemonkeys/common/common-image/3.1.1/common-image-3.1.1.jar
7f5742451000-7f5742453000 r--s 00014000 08:01 3159781                    /home/duser/.m2/repository/com/twelvemonkeys/common/common-io/3.1.1/common-io-3.1.1.jar
7f5742453000-7f5742456000 r--s 0001a000 08:01 3159795                    /home/duser/.m2/repository/com/twelvemonkeys/common/common-lang/3.1.1/common-lang-3.1.1.jar
7f5742456000-7f5742459000 r--s 0000e000 08:01 3159783                    /home/duser/.m2/repository/com/twelvemonkeys/imageio/imageio-metadata/3.1.1/imageio-metadata-3.1.1.jar
7f5742459000-7f574245c000 r--s 0000c000 08:01 3159788                    /home/duser/.m2/repository/com/twelvemonkeys/imageio/imageio-core/3.1.1/imageio-core-3.1.1.jar
7f574245c000-7f574245e000 r--s 0000d000 08:01 3159773                    /home/duser/.m2/repository/com/twelvemonkeys/imageio/imageio-jpeg/3.1.1/imageio-jpeg-3.1.1.jar
7f574245e000-7f5742469000 r--s 00088000 08:01 2517502                    /home/duser/.m2/repository/com/github/jai-imageio/jai-imageio-core/1.3.0/jai-imageio-core-1.3.0.jar
7f5742469000-7f574246b000 r--s 0000f000 08:01 1077678                    /home/duser/.m2/repository/org/datavec/datavec-data-image/0.7.2/datavec-data-image-0.7.2.jar
7f574246b000-7f5742483000 r--s 00132000 08:01 550577                     /home/duser/.m2/repository/org/freemarker/freemarker/2.3.23/freemarker-2.3.23.jar
7f5742483000-7f5742490000 r--s 0008a000 08:01 4490601                    /home/duser/.m2/repository/org/datavec/datavec-api/0.7.2/datavec-api-0.7.2.jar
7f5742490000-7f5742492000 r--s 00001000 08:01 4490579                    /home/duser/.m2/repository/org/datavec/datavec-nd4j-common/0.7.2/datavec-nd4j-common-0.7.2.jar
7f5742492000-7f57424a7000 r--s 00141000 08:01 4490590                    /home/duser/.m2/repository/org/projectlombok/lombok/1.16.10/lombok-1.16.10.jar
7f57424a7000-7f57424b7000 r--s 0007d000 08:01 4490591                    /home/duser/.m2/repository/joda-time/joda-time/2.2/joda-time-2.2.jar
7f57424b7000-7f57424bb000 r--s 00024000 08:01 4490589                    /home/duser/.m2/repository/org/codehaus/woodstox/stax2-api/3.1.4/stax2-api-3.1.4.jar
7f57424bb000-7f57424c2000 r--s 0003c000 08:01 4490587                    /home/duser/.m2/repository/org/yaml/snakeyaml/1.12/snakeyaml-1.12.jar
7f57424c2000-7f57424e2000 r--s 001ac000 08:01 4490580                    /home/duser/.m2/repository/org/nd4j/jackson/0.7.2/jackson-0.7.2.jar
7f57424e2000-7f57424e9000 r--s 0005e000 08:01 154878                     /home/duser/.m2/repository/org/apache/commons/commons-lang3/3.3.1/commons-lang3-3.3.1.jar
7f57424e9000-7f57424eb000 r--s 00001000 08:01 687244                     /home/duser/.m2/repository/org/nd4j/nd4j-context/0.7.2/nd4j-context-0.7.2.jar
7f57424eb000-7f57424ef000 r--s 0000f000 08:01 938989                     /home/duser/.m2/repository/com/google/code/findbugs/annotations/2.0.1/annotations-2.0.1.jar
7f57424ef000-7f57424f8000 r--s 000ae000 08:01 4490585                    /home/duser/.m2/repository/org/javassist/javassist/3.19.0-GA/javassist-3.19.0-GA.jar
7f57424f8000-7f57424fb000 r--s 0001d000 08:01 4490584                    /home/duser/.m2/repository/org/reflections/reflections/0.9.10/reflections-0.9.10.jar
7f57424fb000-7f57424fe000 r--s 0001d000 08:01 4490567                    /home/duser/.m2/repository/org/nd4j/nd4j-common/0.7.2/nd4j-common-0.7.2.jar
7f57424fe000-7f5742500000 r--s 0000d000 08:01 4490582                    /home/duser/.m2/repository/org/nd4j/nd4j-buffer/0.7.2/nd4j-buffer-0.7.2.jar
7f5742500000-7f574250f000 r--s 000cc000 08:01 4490586                    /home/duser/.m2/repository/org/nd4j/nd4j-api/0.7.2/nd4j-api-0.7.2.jar
7f574250f000-7f5742512000 r--s 00006000 08:01 938987                     /home/duser/.m2/repository/com/google/code/findbugs/jsr305/1.3.9/jsr305-1.3.9.jar
7f5742512000-7f5742532000 r--s 00173000 08:01 2246700                    /home/duser/.m2/repository/com/google/guava/guava/11.0/guava-11.0.jar
7f5742532000-7f5742536000 r--s 00015000 08:01 4490575                    /home/duser/.m2/repository/org/tukaani/xz/1.5/xz-1.5.jar
7f5742536000-7f574253d000 r--s 00053000 08:01 3159775                    /home/duser/.m2/repository/org/apache/commons/commons-compress/1.8/commons-compress-1.8.jar
7f574253d000-7f5742541000 r--s 0002a000 08:01 2246704                    /home/duser/.m2/repository/commons-io/commons-io/2.4/commons-io-2.4.jar
7f5742541000-7f5742565000 r--s 001cd000 08:01 6572778                    /home/duser/.m2/repository/org/apache/commons/commons-math3/3.4.1/commons-math3-3.4.1.jar
7f5742565000-7f5742572000 r--s 000b6000 08:01 4490573                    /home/duser/.m2/repository/org/deeplearning4j/deeplearning4j-nn/0.7.2/deeplearning4j-nn-0.7.2.jar
7f5742572000-7f5742577000 r--s 0002a000 08:01 4490569                    /home/duser/.m2/repository/org/deeplearning4j/deeplearning4j-core/0.7.2/deeplearning4j-core-0.7.2.jar
7f5742577000-7f574258a000 r--s 00345000 08:01 5120773                    /usr/local/jdk1.8.0_121/jre/lib/resources.jar
7f574258a000-7f574259c000 r--s 000d6000 08:01 5120772                    /usr/local/jdk1.8.0_121/jre/lib/plugin.jar
7f574259c000-7f57425a0000 r--s 0009a000 08:01 5120744                    /usr/local/jdk1.8.0_121/jre/lib/jsse.jar
7f57425a0000-7f57425a5000 r--s 00084000 08:01 5120765                    /usr/local/jdk1.8.0_121/jre/lib/jfr.jar
7f57425a5000-7f57425af000 r--s 0006c000 08:01 5120767                    /usr/local/jdk1.8.0_121/jre/lib/javaws.jar
7f57425af000-7f57425b2000 ---p 00000000 00:00 0 
7f57425b2000-7f57426b0000 rw-p 00000000 00:00 0 
7f57426b0000-7f5742bea000 r--p 00000000 08:01 4857194                    /usr/lib/locale/locale-archive
7f5742bea000-7f5742bed000 ---p 00000000 00:00 0 
7f5742bed000-7f5742ceb000 rw-p 00000000 00:00 0 
7f5742ceb000-7f5742cee000 ---p 00000000 00:00 0 
7f5742cee000-7f5742dec000 rw-p 00000000 00:00 0 
7f5742dec000-7f5742ded000 ---p 00000000 00:00 0 
7f5742ded000-7f5745000000 rw-p 00000000 00:00 0 
7f5745000000-7f5745830000 rwxp 00000000 00:00 0 
7f5745830000-7f5754000000 ---p 00000000 00:00 0 
7f5754000000-7f5757fff000 rw-p 00000000 00:00 0 
7f5757fff000-7f5758000000 ---p 00000000 00:00 0 
7f5758000000-7f5758001000 r--s 0000f000 08:01 4749884                    /home/duser/.m2/repository/org/json/json/20131018/json-20131018.jar
7f5758001000-7f575801c000 r--s 00209000 08:01 5120768                    /usr/local/jdk1.8.0_121/jre/lib/deploy.jar
7f575801c000-7f5758671000 rw-p 00000000 00:00 0 
7f5758671000-7f575884a000 r--s 03d3e000 08:01 5120749                    /usr/local/jdk1.8.0_121/jre/lib/rt.jar
7f575884a000-7f575922b000 rw-p 00000000 00:00 0 
7f575922b000-7f575922c000 ---p 00000000 00:00 0 
7f575922c000-7f575932c000 rw-p 00000000 00:00 0 
7f575932c000-7f575932d000 ---p 00000000 00:00 0 
7f575932d000-7f5759442000 rw-p 00000000 00:00 0 
7f5759442000-7f575956e000 ---p 00000000 00:00 0 
7f575956e000-7f5759583000 rw-p 00000000 00:00 0 
7f5759583000-7f57596ae000 ---p 00000000 00:00 0 
7f57596ae000-7f57596f7000 rw-p 00000000 00:00 0 
7f57596f7000-7f575974f000 ---p 00000000 00:00 0 
7f575974f000-7f5759771000 rw-p 00000000 00:00 0 
7f5759771000-7f5759b10000 ---p 00000000 00:00 0 
7f5759b10000-7f5759b2a000 r-xp 00000000 08:01 2228944                    /usr/local/jdk1.8.0_121/jre/lib/amd64/libzip.so
7f5759b2a000-7f5759d2a000 ---p 0001a000 08:01 2228944                    /usr/local/jdk1.8.0_121/jre/lib/amd64/libzip.so
7f5759d2a000-7f5759d2b000 rw-p 0001a000 08:01 2228944                    /usr/local/jdk1.8.0_121/jre/lib/amd64/libzip.so
7f5759d2b000-7f5759d36000 r-xp 00000000 08:01 669654                     /lib/x86_64-linux-gnu/libnss_files-2.23.so
7f5759d36000-7f5759f35000 ---p 0000b000 08:01 669654                     /lib/x86_64-linux-gnu/libnss_files-2.23.so
7f5759f35000-7f5759f36000 r--p 0000a000 08:01 669654                     /lib/x86_64-linux-gnu/libnss_files-2.23.so
7f5759f36000-7f5759f37000 rw-p 0000b000 08:01 669654                     /lib/x86_64-linux-gnu/libnss_files-2.23.so
7f5759f37000-7f5759f3d000 rw-p 00000000 00:00 0 
7f5759f3d000-7f5759f48000 r-xp 00000000 08:01 669662                     /lib/x86_64-linux-gnu/libnss_nis-2.23.so
7f5759f48000-7f575a147000 ---p 0000b000 08:01 669662                     /lib/x86_64-linux-gnu/libnss_nis-2.23.so
7f575a147000-7f575a148000 r--p 0000a000 08:01 669662                     /lib/x86_64-linux-gnu/libnss_nis-2.23.so
7f575a148000-7f575a149000 rw-p 0000b000 08:01 669662                     /lib/x86_64-linux-gnu/libnss_nis-2.23.so
7f575a149000-7f575a15f000 r-xp 00000000 08:01 669617                     /lib/x86_64-linux-gnu/libnsl-2.23.so
7f575a15f000-7f575a35e000 ---p 00016000 08:01 669617                     /lib/x86_64-linux-gnu/libnsl-2.23.so
7f575a35e000-7f575a35f000 r--p 00015000 08:01 669617                     /lib/x86_64-linux-gnu/libnsl-2.23.so
7f575a35f000-7f575a360000 rw-p 00016000 08:01 669617                     /lib/x86_64-linux-gnu/libnsl-2.23.so
7f575a360000-7f575a362000 rw-p 00000000 00:00 0 
7f575a362000-7f575a36a000 r-xp 00000000 08:01 669644                     /lib/x86_64-linux-gnu/libnss_compat-2.23.so
7f575a36a000-7f575a569000 ---p 00008000 08:01 669644                     /lib/x86_64-linux-gnu/libnss_compat-2.23.so
7f575a569000-7f575a56a000 r--p 00007000 08:01 669644                     /lib/x86_64-linux-gnu/libnss_compat-2.23.so
7f575a56a000-7f575a56b000 rw-p 00008000 08:01 669644                     /lib/x86_64-linux-gnu/libnss_compat-2.23.so
7f575a56b000-7f575a575000 r-xp 00000000 08:01 2228982                    /usr/local/jdk1.8.0_121/jre/lib/amd64/libinstrument.so
7f575a575000-7f575a774000 ---p 0000a000 08:01 2228982                    /usr/local/jdk1.8.0_121/jre/lib/amd64/libinstrument.so
7f575a774000-7f575a775000 rw-p 00009000 08:01 2228982                    /usr/local/jdk1.8.0_121/jre/lib/amd64/libinstrument.so
7f575a775000-7f575a7a0000 r-xp 00000000 08:01 2228971                    /usr/local/jdk1.8.0_121/jre/lib/amd64/libjava.so
7f575a7a0000-7f575a99f000 ---p 0002b000 08:01 2228971                    /usr/local/jdk1.8.0_121/jre/lib/amd64/libjava.so
7f575a99f000-7f575a9a1000 rw-p 0002a000 08:01 2228971                    /usr/local/jdk1.8.0_121/jre/lib/amd64/libjava.so
7f575a9a1000-7f575a9ae000 r-xp 00000000 08:01 2228922                    /usr/local/jdk1.8.0_121/jre/lib/amd64/libverify.so
7f575a9ae000-7f575abad000 ---p 0000d000 08:01 2228922                    /usr/local/jdk1.8.0_121/jre/lib/amd64/libverify.so
7f575abad000-7f575abaf000 rw-p 0000c000 08:01 2228922                    /usr/local/jdk1.8.0_121/jre/lib/amd64/libverify.so
7f575abaf000-7f575abb6000 r-xp 00000000 08:01 669666                     /lib/x86_64-linux-gnu/librt-2.23.so
7f575abb6000-7f575adb5000 ---p 00007000 08:01 669666                     /lib/x86_64-linux-gnu/librt-2.23.so
7f575adb5000-7f575adb6000 r--p 00006000 08:01 669666                     /lib/x86_64-linux-gnu/librt-2.23.so
7f575adb6000-7f575adb7000 rw-p 00007000 08:01 669666                     /lib/x86_64-linux-gnu/librt-2.23.so
7f575adb7000-7f575aebf000 r-xp 00000000 08:01 669615                     /lib/x86_64-linux-gnu/libm-2.23.so
7f575aebf000-7f575b0be000 ---p 00108000 08:01 669615                     /lib/x86_64-linux-gnu/libm-2.23.so
7f575b0be000-7f575b0bf000 r--p 00107000 08:01 669615                     /lib/x86_64-linux-gnu/libm-2.23.so
7f575b0bf000-7f575b0c0000 rw-p 00108000 08:01 669615                     /lib/x86_64-linux-gnu/libm-2.23.so
7f575b0c0000-7f575bd8e000 r-xp 00000000 08:01 2228975                    /usr/local/jdk1.8.0_121/jre/lib/amd64/server/libjvm.so
7f575bd8e000-7f575bf8e000 ---p 00cce000 08:01 2228975                    /usr/local/jdk1.8.0_121/jre/lib/amd64/server/libjvm.so
7f575bf8e000-7f575c067000 rw-p 00cce000 08:01 2228975                    /usr/local/jdk1.8.0_121/jre/lib/amd64/server/libjvm.so
7f575c067000-7f575c0b2000 rw-p 00000000 00:00 0 
7f575c0b2000-7f575c272000 r-xp 00000000 08:01 669621                     /lib/x86_64-linux-gnu/libc-2.23.so
7f575c272000-7f575c472000 ---p 001c0000 08:01 669621                     /lib/x86_64-linux-gnu/libc-2.23.so
7f575c472000-7f575c476000 r--p 001c0000 08:01 669621                     /lib/x86_64-linux-gnu/libc-2.23.so
7f575c476000-7f575c478000 rw-p 001c4000 08:01 669621                     /lib/x86_64-linux-gnu/libc-2.23.so
7f575c478000-7f575c47c000 rw-p 00000000 00:00 0 
7f575c47c000-7f575c47f000 r-xp 00000000 08:01 669632                     /lib/x86_64-linux-gnu/libdl-2.23.so
7f575c47f000-7f575c67e000 ---p 00003000 08:01 669632                     /lib/x86_64-linux-gnu/libdl-2.23.so
7f575c67e000-7f575c67f000 r--p 00002000 08:01 669632                     /lib/x86_64-linux-gnu/libdl-2.23.so
7f575c67f000-7f575c680000 rw-p 00003000 08:01 669632                     /lib/x86_64-linux-gnu/libdl-2.23.so
7f575c680000-7f575c695000 r-xp 00000000 08:01 2102556                    /usr/local/jdk1.8.0_121/lib/amd64/jli/libjli.so
7f575c695000-7f575c895000 ---p 00015000 08:01 2102556                    /usr/local/jdk1.8.0_121/lib/amd64/jli/libjli.so
7f575c895000-7f575c896000 rw-p 00015000 08:01 2102556                    /usr/local/jdk1.8.0_121/lib/amd64/jli/libjli.so
7f575c896000-7f575c8ae000 r-xp 00000000 08:01 669619                     /lib/x86_64-linux-gnu/libpthread-2.23.so
7f575c8ae000-7f575caad000 ---p 00018000 08:01 669619                     /lib/x86_64-linux-gnu/libpthread-2.23.so
7f575caad000-7f575caae000 r--p 00017000 08:01 669619                     /lib/x86_64-linux-gnu/libpthread-2.23.so
7f575caae000-7f575caaf000 rw-p 00018000 08:01 669619                     /lib/x86_64-linux-gnu/libpthread-2.23.so
7f575caaf000-7f575cab3000 rw-p 00000000 00:00 0 
7f575cab3000-7f575cad9000 r-xp 00000000 08:01 669618                     /lib/x86_64-linux-gnu/ld-2.23.so
7f575cad9000-7f575cbaa000 rw-p 00000000 00:00 0 
7f575cbaa000-7f575cbad000 ---p 00000000 00:00 0 
7f575cbad000-7f575ccb0000 rw-p 00000000 00:00 0 
7f575ccb0000-7f575ccb1000 r--s 00000000 08:01 5120759                    /usr/local/jdk1.8.0_121/jre/lib/management-agent.jar
7f575ccb1000-7f575ccb3000 r--s 00007000 08:01 5120753                    /usr/local/jdk1.8.0_121/jre/lib/jfxswt.jar
7f575ccb3000-7f575ccb6000 r--s 0001a000 08:01 5120777                    /usr/local/jdk1.8.0_121/jre/lib/jce.jar
7f575ccb6000-7f575ccbb000 r--s 002f9000 08:01 5120745                    /usr/local/jdk1.8.0_121/jre/lib/charsets.jar
7f575ccbb000-7f575ccce000 rw-p 00000000 00:00 0 
7f575ccce000-7f575ccd6000 rw-s 00000000 08:01 807377                     /tmp/hsperfdata_duser/31405
7f575ccd6000-7f575ccd7000 rw-p 00000000 00:00 0 
7f575ccd7000-7f575ccd8000 ---p 00000000 00:00 0 
7f575ccd8000-7f575ccd9000 r--p 00025000 08:01 669618                     /lib/x86_64-linux-gnu/ld-2.23.so
7f575ccd9000-7f575ccda000 rw-p 00026000 08:01 669618                     /lib/x86_64-linux-gnu/ld-2.23.so
7f575ccda000-7f575ccdb000 rw-p 00000000 00:00 0 
7ffc55c99000-7ffc55cbc000 rw-p 00000000 00:00 0                          [stack]
7ffc55dd0000-7ffc55dd3000 r--p 00000000 00:00 0                          [vvar]
7ffc55dd3000-7ffc55dd5000 r-xp 00000000 00:00 0                          [vdso]
ffffffffff600000-ffffffffff601000 r-xp 00000000 00:00 0                  [vsyscall]

VM Arguments:
jvm_args: -javaagent:/opt/idea-IC-182.3911.36/lib/idea_rt.jar=42628:/opt/idea-IC-182.3911.36/bin -Dfile.encoding=UTF-8 
java_command: Analitics
java_class_path (initial): /usr/local/jdk1.8.0_121/jre/lib/charsets.jar:/usr/local/jdk1.8.0_121/jre/lib/deploy.jar:/usr/local/jdk1.8.0_121/jre/lib/ext/cldrdata.jar:/usr/local/jdk1.8.0_121/jre/lib/ext/dnsns.jar:/usr/local/jdk1.8.0_121/jre/lib/ext/jaccess.jar:/usr/local/jdk1.8.0_121/jre/lib/ext/jfxrt.jar:/usr/local/jdk1.8.0_121/jre/lib/ext/localedata.jar:/usr/local/jdk1.8.0_121/jre/lib/ext/nashorn.jar:/usr/local/jdk1.8.0_121/jre/lib/ext/sunec.jar:/usr/local/jdk1.8.0_121/jre/lib/ext/sunjce_provider.jar:/usr/local/jdk1.8.0_121/jre/lib/ext/sunpkcs11.jar:/usr/local/jdk1.8.0_121/jre/lib/ext/zipfs.jar:/usr/local/jdk1.8.0_121/jre/lib/javaws.jar:/usr/local/jdk1.8.0_121/jre/lib/jce.jar:/usr/local/jdk1.8.0_121/jre/lib/jfr.jar:/usr/local/jdk1.8.0_121/jre/lib/jfxswt.jar:/usr/local/jdk1.8.0_121/jre/lib/jsse.jar:/usr/local/jdk1.8.0_121/jre/lib/management-agent.jar:/usr/local/jdk1.8.0_121/jre/lib/plugin.jar:/usr/local/jdk1.8.0_121/jre/lib/resources.jar:/usr/local/jdk1.8.0_121/jre/lib/rt.jar:/home/duser/convolution/target/classes:/home/duser/.m2/repository/org/deeplearning4j/deeplearning4j-core/0.7.2/deeplearning4j-core-0.7.2.jar:/home/duser/.m2/repository/org/deeplearning4j/deeplearning4j-nn/0.7.2/deeplearning4j-nn-0.7.2.jar:/home/duser/.m2/repository/org/apache/commons/commons-math3/3.4.1/commons-math3-3.4.1.jar:/home/duser/.m2/repository/commons-io/commons-io/2.4/commons-io-2.4.jar:/home/duser/.m2/repository/org/apache/commons/commons-compress/1.8/commons-compress-1.8.jar:/home/duser/.m2/repository/org/tukaani/xz/1.5/xz-1.5.jar:/home/duser/.m2/repository/com/google/guava/guava/11.0/guava-11.0.jar:/home/duser/.m2/repository/com/google/code/findbugs/jsr305/1.3.9/jsr305-1.3.9.jar:/home/duser/.m2/repository/org/nd4j/nd4j-api/0.7.2/nd4j-api-0.7.2.jar:/home/duser/.m2/repository/org/nd4j/nd4j-buffer/0.7.2/nd4j-buffer-0.7.2.jar:/home/duser/.m2/repository/org/nd4j/nd4j-common/0.7.2/nd4j-common-0.7.2.jar:/home/duser/.m2/repository/org/reflections/reflections/0.9.10/reflections-0.9.10.jar:
Launcher Type: SUN_STANDARD

Environment Variables:
PATH=/home/duser/.local/share/umake/bin:/usr/local/sbin:/usr/local/bin:/usr/sbin:/usr/bin:/sbin:/bin:/usr/games:/usr/local/games:/snap/bin
SHELL=/bin/bash
DISPLAY=:0

Signal Handlers:
SIGSEGV: [libjvm.so+0xac78c0], sa_mask[0]=11111111011111111101111111111110, sa_flags=SA_RESTART|SA_SIGINFO
SIGBUS: [libjvm.so+0xac78c0], sa_mask[0]=11111111011111111101111111111110, sa_flags=SA_RESTART|SA_SIGINFO
SIGFPE: [libjvm.so+0x920ac0], sa_mask[0]=11111111011111111101111111111110, sa_flags=SA_RESTART|SA_SIGINFO
SIGPIPE: [libjvm.so+0x920ac0], sa_mask[0]=11111111011111111101111111111110, sa_flags=SA_RESTART|SA_SIGINFO
SIGXFSZ: [libjvm.so+0x920ac0], sa_mask[0]=11111111011111111101111111111110, sa_flags=SA_RESTART|SA_SIGINFO
SIGILL: [libjvm.so+0x920ac0], sa_mask[0]=11111111011111111101111111111110, sa_flags=SA_RESTART|SA_SIGINFO
SIGUSR1: SIG_DFL, sa_mask[0]=00000000000000000000000000000000, sa_flags=none
SIGUSR2: [libjvm.so+0x922300], sa_mask[0]=00100000000000000000000000000000, sa_flags=SA_RESTART|SA_SIGINFO
SIGHUP: [libjvm.so+0x923700], sa_mask[0]=11111111011111111101111111111110, sa_flags=SA_RESTART|SA_SIGINFO
SIGINT: [libjvm.so+0x923700], sa_mask[0]=11111111011111111101111111111110, sa_flags=SA_RESTART|SA_SIGINFO
SIGTERM: [libjvm.so+0x923700], sa_mask[0]=11111111011111111101111111111110, sa_flags=SA_RESTART|SA_SIGINFO
SIGQUIT: [libjvm.so+0x923700], sa_mask[0]=11111111011111111101111111111110, sa_flags=SA_RESTART|SA_SIGINFO


---------------  S Y S T E M  ---------------

OS:DISTRIB_ID=Ubuntu
DISTRIB_RELEASE=16.04
DISTRIB_CODENAME=xenial
DISTRIB_DESCRIPTION="Ubuntu 16.04.5 LTS"

uname:Linux 4.4.0-131-generic #157-Ubuntu SMP Thu Jul 12 15:51:36 UTC 2018 x86_64
libc:glibc 2.23 NPTL 2.23 
rlimit: STACK 8192k, CORE 0k, NPROC 15224, NOFILE 1048576, AS infinity
load average:2,38 1,81 1,46

/proc/meminfo:
MemTotal:        3940104 kB
MemFree:          107900 kB
MemAvailable:      28372 kB
Buffers:             332 kB
Cached:           313216 kB
SwapCached:         3540 kB
Active:          2518796 kB
Inactive:        1049400 kB
Active(anon):    2505284 kB
Inactive(anon):  1036616 kB
Active(file):      13512 kB
Inactive(file):    12784 kB
Unevictable:          48 kB
Mlocked:              48 kB
SwapTotal:       4085756 kB
SwapFree:              0 kB
Dirty:               176 kB
Writeback:             0 kB
AnonPages:       3252492 kB
Mapped:            37744 kB
Shmem:            286984 kB
Slab:             104664 kB
SReclaimable:      54840 kB
SUnreclaim:        49824 kB
KernelStack:       16976 kB
PageTables:        81780 kB
NFS_Unstable:          0 kB
Bounce:                0 kB
WritebackTmp:          0 kB
CommitLimit:     6055808 kB
Committed_AS:   18753632 kB
VmallocTotal:   34359738367 kB
VmallocUsed:           0 kB
VmallocChunk:          0 kB
HardwareCorrupted:     0 kB
AnonHugePages:         0 kB
CmaTotal:              0 kB
CmaFree:               0 kB
HugePages_Total:       0
HugePages_Free:        0
HugePages_Rsvd:        0
HugePages_Surp:        0
Hugepagesize:       2048 kB
DirectMap4k:      190888 kB
DirectMap2M:     3897344 kB


CPU:total 2 (2 cores per cpu, 1 threads per core) family 6 model 23 stepping 10, cmov, cx8, fxsr, mmx, sse, sse2, sse3, ssse3, sse4.1, tsc

/proc/cpuinfo:
processor	: 0
vendor_id	: GenuineIntel
cpu family	: 6
model		: 23
model name	: Intel(R) Core(TM)2 Duo CPU     L9400  @ 1.86GHz
stepping	: 10
microcode	: 0xa0b
cpu MHz		: 1867.000
cache size	: 6144 KB
physical id	: 0
siblings	: 2
core id		: 0
cpu cores	: 2
apicid		: 0
initial apicid	: 0
fpu		: yes
fpu_exception	: yes
cpuid level	: 13
wp		: yes
flags		: fpu vme de pse tsc msr pae mce cx8 apic sep mtrr pge mca cmov pat pse36 clflush dts acpi mmx fxsr sse sse2 ss ht tm pbe syscall nx lm constant_tsc arch_perfmon pebs bts nopl aperfmperf eagerfpu pni dtes64 monitor ds_cpl vmx smx est tm2 ssse3 cx16 xtpr pdcm sse4_1 xsave lahf_lm kaiser tpr_shadow vnmi flexpriority dtherm ida
bugs		: cpu_meltdown spectre_v1 spectre_v2 spec_store_bypass
bogomips	: 3723.73
clflush size	: 64
cache_alignment	: 64
address sizes	: 36 bits physical, 48 bits virtual
power management:

processor	: 1
vendor_id	: GenuineIntel
cpu family	: 6
model		: 23
model name	: Intel(R) Core(TM)2 Duo CPU     L9400  @ 1.86GHz
stepping	: 10
microcode	: 0xa0b
cpu MHz		: 1867.000
cache size	: 6144 KB
physical id	: 0
siblings	: 2
core id		: 1
cpu cores	: 2
apicid		: 1
initial apicid	: 1
fpu		: yes
fpu_exception	: yes
cpuid level	: 13
wp		: yes
flags		: fpu vme de pse tsc msr pae mce cx8 apic sep mtrr pge mca cmov pat pse36 clflush dts acpi mmx fxsr sse sse2 ss ht tm pbe syscall nx lm constant_tsc arch_perfmon pebs bts nopl aperfmperf eagerfpu pni dtes64 monitor ds_cpl vmx smx est tm2 ssse3 cx16 xtpr pdcm sse4_1 xsave lahf_lm kaiser tpr_shadow vnmi flexpriority dtherm ida
bugs		: cpu_meltdown spectre_v1 spectre_v2 spec_store_bypass
bogomips	: 3723.73
clflush size	: 64
cache_alignment	: 64
address sizes	: 36 bits physical, 48 bits virtual
power management:



Memory: 4k page, physical 3940104k(110452k free), swap 4085756k(0k free)

vm_info: Java HotSpot(TM) 64-Bit Server VM (25.121-b13) for linux-amd64 JRE (1.8.0_121-b13), built on Dec 12 2016 16:36:53 by "java_re" with gcc 4.3.0 20080428 (Red Hat 4.3.0-8)

time: Fri Aug 17 11:27:59 2018
elapsed time: 17 seconds (0d 0h 0m 17s)

