#
# There is insufficient memory for the Java Runtime Environment to continue.
# Native memory allocation (mmap) failed to map 81264640 bytes for committing reserved memory.
# Possible reasons:
#   The system is out of physical RAM or swap space
#   In 32 bit mode, the process size limit was hit
# Possible solutions:
#   Reduce memory load on the system
#   Increase physical memory or swap space
#   Check if swap backing store is full
#   Use 64 bit Java on a 64 bit OS
#   Decrease Java heap size (-Xmx/-Xms)
#   Decrease number of Java threads
#   Decrease Java thread stack sizes (-Xss)
#   Set larger code cache with -XX:ReservedCodeCacheSize=
# This output file may be truncated or incomplete.
#
#  Out of Memory Error (os_linux.cpp:2627), pid=31331, tid=0x00007f5a4c5b6700
#
# JRE version: Java(TM) SE Runtime Environment (8.0_121-b13) (build 1.8.0_121-b13)
# Java VM: Java HotSpot(TM) 64-Bit Server VM (25.121-b13 mixed mode linux-amd64 compressed oops)
# Failed to write core dump. Core dumps have been disabled. To enable core dumping, try "ulimit -c unlimited" before starting Java again
#

---------------  T H R E A D  ---------------

Current thread (0x00007f5a600ff800):  VMThread [stack: 0x00007f5a4c4b6000,0x00007f5a4c5b7000] [id=31338]

Stack: [0x00007f5a4c4b6000,0x00007f5a4c5b7000],  sp=0x00007f5a4c5b52a0,  free space=1020k
Native frames: (J=compiled Java code, j=interpreted, Vv=VM code, C=native code)
V  [libjvm.so+0xac703a]  VMError::report_and_die()+0x2ba
V  [libjvm.so+0x4fc7eb]  report_vm_out_of_memory(char const*, int, unsigned long, VMErrorType, char const*)+0x8b
V  [libjvm.so+0x923c43]  os::Linux::commit_memory_impl(char*, unsigned long, bool)+0x103
V  [libjvm.so+0x924199]  os::pd_commit_memory(char*, unsigned long, unsigned long, bool)+0x29
V  [libjvm.so+0x91e4aa]  os::commit_memory(char*, unsigned long, unsigned long, bool)+0x2a
V  [libjvm.so+0x992f03]  PSVirtualSpace::expand_by(unsigned long)+0x53
V  [libjvm.so+0x994308]  PSYoungGen::resize_generation(unsigned long, unsigned long)+0xf8
V  [libjvm.so+0x993462]  PSYoungGen::resize(unsigned long, unsigned long)+0x22
V  [libjvm.so+0x99073b]  PSScavenge::invoke_no_policy()+0xf3b
V  [libjvm.so+0x990ec1]  PSScavenge::invoke()+0x41
V  [libjvm.so+0x947c10]  ParallelScavengeHeap::failed_mem_allocate(unsigned long)+0x70
V  [libjvm.so+0xac8a57]  VM_ParallelGCFailedAllocation::doit()+0x97
V  [libjvm.so+0xad0535]  VM_Operation::evaluate()+0x55
V  [libjvm.so+0xace90a]  VMThread::evaluate_operation(VM_Operation*)+0xba
V  [libjvm.so+0xacec8e]  VMThread::loop()+0x1ce
V  [libjvm.so+0xacf100]  VMThread::run()+0x70
V  [libjvm.so+0x926268]  java_start(Thread*)+0x108

VM_Operation (0x00007f5a66358df0): ParallelGCFailedAllocation, mode: safepoint, requested by thread 0x00007f5a6000f000


---------------  P R O C E S S  ---------------

Java Threads: ( => current thread )
  0x00007f5a60760800 JavaThread "NativeRandomDeallocator thread 0" daemon [_thread_blocked, id=31361, stack(0x00007f5a1aed6000,0x00007f5a1afd7000)]
  0x00007f5a6067a000 JavaThread "JavaCPP Deallocator" daemon [_thread_blocked, id=31355, stack(0x00007f5a3c24e000,0x00007f5a3c34f000)]
  0x00007f5a60584800 JavaThread "Service Thread" daemon [_thread_blocked, id=31353, stack(0x00007f5a3c450000,0x00007f5a3c551000)]
  0x00007f5a60581000 JavaThread "C1 CompilerThread1" daemon [_thread_blocked, id=31352, stack(0x00007f5a3f769000,0x00007f5a3f86a000)]
  0x00007f5a6057f800 JavaThread "C2 CompilerThread0" daemon [_thread_blocked, id=31351, stack(0x00007f5a3f86a000,0x00007f5a3f96b000)]
  0x00007f5a6056d000 JavaThread "Monitor Ctrl-Break" daemon [_thread_in_native, id=31350, stack(0x00007f5a3f96b000,0x00007f5a3fa6c000)]
  0x00007f5a60140000 JavaThread "Signal Dispatcher" daemon [_thread_blocked, id=31348, stack(0x00007f5a4c1b3000,0x00007f5a4c2b4000)]
  0x00007f5a6010c000 JavaThread "Finalizer" daemon [_thread_blocked, id=31343, stack(0x00007f5a4c2b4000,0x00007f5a4c3b5000)]
  0x00007f5a60107800 JavaThread "Reference Handler" daemon [_thread_blocked, id=31341, stack(0x00007f5a4c3b5000,0x00007f5a4c4b6000)]
  0x00007f5a6000f000 JavaThread "main" [_thread_blocked, id=31333, stack(0x00007f5a6625a000,0x00007f5a6635b000)]

Other Threads:
=>0x00007f5a600ff800 VMThread [stack: 0x00007f5a4c4b6000,0x00007f5a4c5b7000] [id=31338]
  0x00007f5a60589800 WatcherThread [stack: 0x00007f5a3c34f000,0x00007f5a3c450000] [id=31354]

VM state:at safepoint (normal execution)

VM Mutex/Monitor currently owned by a thread:  ([mutex/lock_event])
[0x00007f5a6000b610] Threads_lock - owner thread: 0x00007f5a600ff800
[0x00007f5a6000bb10] Heap_lock - owner thread: 0x00007f5a6000f000

Heap:
 PSYoungGen      total 134656K, used 10209K [0x00000000ebf80000, 0x00000000f4e80000, 0x0000000100000000)
  eden space 124416K, 0% used [0x00000000ebf80000,0x00000000ebf80000,0x00000000f3900000)
  from space 10240K, 99% used [0x00000000f3900000,0x00000000f42f84e8,0x00000000f4300000)
  to   space 8704K, 0% used [0x00000000f4300000,0x00000000f4300000,0x00000000f4b80000)
 ParOldGen       total 42496K, used 12848K [0x00000000c3e00000, 0x00000000c6780000, 0x00000000ebf80000)
  object space 42496K, 30% used [0x00000000c3e00000,0x00000000c4a8c170,0x00000000c6780000)
 Metaspace       used 19675K, capacity 19864K, committed 20096K, reserved 1067008K
  class space    used 1833K, capacity 1901K, committed 1920K, reserved 1048576K

Card table byte_map: [0x00007f5a4fbcd000,0x00007f5a4fdaf000] byte_map_base: 0x00007f5a4f5ae000

Marking Bits: (ParMarkBitMap*) 0x00007f5a65734c80
 Begin Bits: [0x00007f5a4da7a000, 0x00007f5a4e982000)
 End Bits:   [0x00007f5a4e982000, 0x00007f5a4f88a000)

Polling page: 0x00007f5a66387000

CodeCache: size=245760Kb used=8145Kb max_used=8159Kb free=237614Kb
 bounds [0x00007f5a5016f000, 0x00007f5a5099f000, 0x00007f5a5f16f000]
 total_blobs=2838 nmethods=1870 adapters=883
 compilation: enabled

Compilation events (10 events):
Event: 17,550 Thread 0x00007f5a6057f800 1968       4       org.nd4j.linalg.api.ndarray.BaseNDArray::getDouble (121 bytes)
Event: 17,595 Thread 0x00007f5a60581000 1969       3       java.lang.Long::valueOf (36 bytes)
Event: 17,596 Thread 0x00007f5a60581000 nmethod 1969 0x00007f5a50272d90 code [0x00007f5a50272f20, 0x00007f5a50273290]
Event: 17,631 Thread 0x00007f5a6057f800 nmethod 1968 0x00007f5a5045bc50 code [0x00007f5a5045bf80, 0x00007f5a5045d000]
Event: 17,664 Thread 0x00007f5a6057f800 1970       4       org.nd4j.linalg.cpu.nativecpu.cache.ConstantBuffersCache::getConstantBuffer (75 bytes)
Event: 17,706 Thread 0x00007f5a60581000 1972       3       com.google.common.collect.Count::getAndAdd (14 bytes)
Event: 17,706 Thread 0x00007f5a60581000 nmethod 1972 0x00007f5a5035bb90 code [0x00007f5a5035bce0, 0x00007f5a5035be30]
Event: 17,768 Thread 0x00007f5a6057f800 nmethod 1970 0x00007f5a50388210 code [0x00007f5a50388460, 0x00007f5a50389338]
Event: 17,768 Thread 0x00007f5a6057f800 1971       4       org.nd4j.linalg.api.ops.BaseOp::setZ (25 bytes)
Event: 17,773 Thread 0x00007f5a6057f800 nmethod 1971 0x00007f5a50924a50 code [0x00007f5a50924ba0, 0x00007f5a50924c38]

GC Heap History (10 events):
Event: 3,707 GC heap after
Heap after GC invocations=4 (full 0):
 PSYoungGen      total 34304K, used 2549K [0x00000000ebf80000, 0x00000000ee380000, 0x0000000100000000)
  eden space 31744K, 0% used [0x00000000ebf80000,0x00000000ebf80000,0x00000000ede80000)
  from space 2560K, 99% used [0x00000000ee100000,0x00000000ee37d6f8,0x00000000ee380000)
  to   space 2560K, 0% used [0x00000000ede80000,0x00000000ede80000,0x00000000ee100000)
 ParOldGen       total 42496K, used 3510K [0x00000000c3e00000, 0x00000000c6780000, 0x00000000ebf80000)
  object space 42496K, 8% used [0x00000000c3e00000,0x00000000c416d890,0x00000000c6780000)
 Metaspace       used 13232K, capacity 13365K, committed 13568K, reserved 1060864K
  class space    used 1451K, capacity 1514K, committed 1536K, reserved 1048576K
}
Event: 4,453 GC heap before
{Heap before GC invocations=5 (full 0):
 PSYoungGen      total 34304K, used 34293K [0x00000000ebf80000, 0x00000000ee380000, 0x0000000100000000)
  eden space 31744K, 100% used [0x00000000ebf80000,0x00000000ede80000,0x00000000ede80000)
  from space 2560K, 99% used [0x00000000ee100000,0x00000000ee37d6f8,0x00000000ee380000)
  to   space 2560K, 0% used [0x00000000ede80000,0x00000000ede80000,0x00000000ee100000)
 ParOldGen       total 42496K, used 3510K [0x00000000c3e00000, 0x00000000c6780000, 0x00000000ebf80000)
  object space 42496K, 8% used [0x00000000c3e00000,0x00000000c416d890,0x00000000c6780000)
 Metaspace       used 13252K, capacity 13429K, committed 13568K, reserved 1060864K
  class space    used 1451K, capacity 1514K, committed 1536K, reserved 1048576K
Event: 4,485 GC heap after
Heap after GC invocations=5 (full 0):
 PSYoungGen      total 34304K, used 2533K [0x00000000ebf80000, 0x00000000f0b80000, 0x0000000100000000)
  eden space 31744K, 0% used [0x00000000ebf80000,0x00000000ebf80000,0x00000000ede80000)
  from space 2560K, 98% used [0x00000000ede80000,0x00000000ee0f9778,0x00000000ee100000)
  to   space 7168K, 0% used [0x00000000f0480000,0x00000000f0480000,0x00000000f0b80000)
 ParOldGen       total 42496K, used 7102K [0x00000000c3e00000, 0x00000000c6780000, 0x00000000ebf80000)
  object space 42496K, 16% used [0x00000000c3e00000,0x00000000c44ef870,0x00000000c6780000)
 Metaspace       used 13252K, capacity 13429K, committed 13568K, reserved 1060864K
  class space    used 1451K, capacity 1514K, committed 1536K, reserved 1048576K
}
Event: 4,877 GC heap before
{Heap before GC invocations=6 (full 0):
 PSYoungGen      total 34304K, used 34277K [0x00000000ebf80000, 0x00000000f0b80000, 0x0000000100000000)
  eden space 31744K, 100% used [0x00000000ebf80000,0x00000000ede80000,0x00000000ede80000)
  from space 2560K, 98% used [0x00000000ede80000,0x00000000ee0f9778,0x00000000ee100000)
  to   space 7168K, 0% used [0x00000000f0480000,0x00000000f0480000,0x00000000f0b80000)
 ParOldGen       total 42496K, used 7102K [0x00000000c3e00000, 0x00000000c6780000, 0x00000000ebf80000)
  object space 42496K, 16% used [0x00000000c3e00000,0x00000000c44ef870,0x00000000c6780000)
 Metaspace       used 13255K, capacity 13429K, committed 13568K, reserved 1060864K
  class space    used 1451K, capacity 1514K, committed 1536K, reserved 1048576K
Event: 4,896 GC heap after
Heap after GC invocations=6 (full 0):
 PSYoungGen      total 70144K, used 5304K [0x00000000ebf80000, 0x00000000f0c80000, 0x0000000100000000)
  eden space 62976K, 0% used [0x00000000ebf80000,0x00000000ebf80000,0x00000000efd00000)
  from space 7168K, 73% used [0x00000000f0480000,0x00000000f09ae038,0x00000000f0b80000)
  to   space 7680K, 0% used [0x00000000efd00000,0x00000000efd00000,0x00000000f0480000)
 ParOldGen       total 42496K, used 7110K [0x00000000c3e00000, 0x00000000c6780000, 0x00000000ebf80000)
  object space 42496K, 16% used [0x00000000c3e00000,0x00000000c44f1870,0x00000000c6780000)
 Metaspace       used 13255K, capacity 13429K, committed 13568K, reserved 1060864K
  class space    used 1451K, capacity 1514K, committed 1536K, reserved 1048576K
}
Event: 5,829 GC heap before
{Heap before GC invocations=7 (full 0):
 PSYoungGen      total 70144K, used 68280K [0x00000000ebf80000, 0x00000000f0c80000, 0x0000000100000000)
  eden space 62976K, 100% used [0x00000000ebf80000,0x00000000efd00000,0x00000000efd00000)
  from space 7168K, 73% used [0x00000000f0480000,0x00000000f09ae038,0x00000000f0b80000)
  to   space 7680K, 0% used [0x00000000efd00000,0x00000000efd00000,0x00000000f0480000)
 ParOldGen       total 42496K, used 7110K [0x00000000c3e00000, 0x00000000c6780000, 0x00000000ebf80000)
  object space 42496K, 16% used [0x00000000c3e00000,0x00000000c44f1870,0x00000000c6780000)
 Metaspace       used 14521K, capacity 14657K, committed 14720K, reserved 1062912K
  class space    used 1583K, capacity 1644K, committed 1664K, reserved 1048576K
Event: 5,872 GC heap after
Heap after GC invocations=7 (full 0):
 PSYoungGen      total 70656K, used 7037K [0x00000000ebf80000, 0x00000000f4b80000, 0x0000000100000000)
  eden space 62976K, 0% used [0x00000000ebf80000,0x00000000ebf80000,0x00000000efd00000)
  from space 7680K, 91% used [0x00000000efd00000,0x00000000f03df6c8,0x00000000f0480000)
  to   space 8704K, 0% used [0x00000000f4300000,0x00000000f4300000,0x00000000f4b80000)
 ParOldGen       total 42496K, used 8544K [0x00000000c3e00000, 0x00000000c6780000, 0x00000000ebf80000)
  object space 42496K, 20% used [0x00000000c3e00000,0x00000000c46582c0,0x00000000c6780000)
 Metaspace       used 14521K, capacity 14657K, committed 14720K, reserved 1062912K
  class space    used 1583K, capacity 1644K, committed 1664K, reserved 1048576K
}
Event: 6,521 GC heap before
{Heap before GC invocations=8 (full 0):
 PSYoungGen      total 70656K, used 70013K [0x00000000ebf80000, 0x00000000f4b80000, 0x0000000100000000)
  eden space 62976K, 100% used [0x00000000ebf80000,0x00000000efd00000,0x00000000efd00000)
  from space 7680K, 91% used [0x00000000efd00000,0x00000000f03df6c8,0x00000000f0480000)
  to   space 8704K, 0% used [0x00000000f4300000,0x00000000f4300000,0x00000000f4b80000)
 ParOldGen       total 42496K, used 8544K [0x00000000c3e00000, 0x00000000c6780000, 0x00000000ebf80000)
  object space 42496K, 20% used [0x00000000c3e00000,0x00000000c46582c0,0x00000000c6780000)
 Metaspace       used 15041K, capacity 15233K, committed 15360K, reserved 1062912K
  class space    used 1647K, capacity 1708K, committed 1792K, reserved 1048576K
Event: 6,546 GC heap after
Heap after GC invocations=8 (full 0):
 PSYoungGen      total 133120K, used 8679K [0x00000000ebf80000, 0x00000000f4e80000, 0x0000000100000000)
  eden space 124416K, 0% used [0x00000000ebf80000,0x00000000ebf80000,0x00000000f3900000)
  from space 8704K, 99% used [0x00000000f4300000,0x00000000f4b79cd0,0x00000000f4b80000)
  to   space 10240K, 0% used [0x00000000f3900000,0x00000000f3900000,0x00000000f4300000)
 ParOldGen       total 42496K, used 9680K [0x00000000c3e00000, 0x00000000c6780000, 0x00000000ebf80000)
  object space 42496K, 22% used [0x00000000c3e00000,0x00000000c4774170,0x00000000c6780000)
 Metaspace       used 15041K, capacity 15233K, committed 15360K, reserved 1062912K
  class space    used 1647K, capacity 1708K, committed 1792K, reserved 1048576K
}
Event: 17,863 GC heap before
{Heap before GC invocations=9 (full 0):
 PSYoungGen      total 133120K, used 133095K [0x00000000ebf80000, 0x00000000f4e80000, 0x0000000100000000)
  eden space 124416K, 100% used [0x00000000ebf80000,0x00000000f3900000,0x00000000f3900000)
  from space 8704K, 99% used [0x00000000f4300000,0x00000000f4b79cd0,0x00000000f4b80000)
  to   space 10240K, 0% used [0x00000000f3900000,0x00000000f3900000,0x00000000f4300000)
 ParOldGen       total 42496K, used 9680K [0x00000000c3e00000, 0x00000000c6780000, 0x00000000ebf80000)
  object space 42496K, 22% used [0x00000000c3e00000,0x00000000c4774170,0x00000000c6780000)
 Metaspace       used 19675K, capacity 19864K, committed 20096K, reserved 1067008K
  class space    used 1833K, capacity 1901K, committed 1920K, reserved 1048576K

Deoptimization events (10 events):
Event: 2,339 Thread 0x00007f5a6000f000 Uncommon trap: reason=class_check action=maybe_recompile pc=0x00007f5a50448dc8 method=java.util.regex.Pattern$CharProperty.match(Ljava/util/regex/Matcher;ILjava/lang/CharSequence;)Z @ 18
Event: 2,341 Thread 0x00007f5a6000f000 Uncommon trap: reason=class_check action=maybe_recompile pc=0x00007f5a50448dc8 method=java.util.regex.Pattern$CharProperty.match(Ljava/util/regex/Matcher;ILjava/lang/CharSequence;)Z @ 18
Event: 3,652 Thread 0x00007f5a6000f000 Uncommon trap: reason=bimorphic action=maybe_recompile pc=0x00007f5a50442434 method=java.util.regex.Matcher.match(II)Z @ 86
Event: 3,652 Thread 0x00007f5a6000f000 Uncommon trap: reason=bimorphic action=maybe_recompile pc=0x00007f5a50442434 method=java.util.regex.Matcher.match(II)Z @ 86
Event: 3,652 Thread 0x00007f5a6000f000 Uncommon trap: reason=bimorphic action=maybe_recompile pc=0x00007f5a50442434 method=java.util.regex.Matcher.match(II)Z @ 86
Event: 3,652 Thread 0x00007f5a6000f000 Uncommon trap: reason=bimorphic action=maybe_recompile pc=0x00007f5a50442434 method=java.util.regex.Matcher.match(II)Z @ 86
Event: 4,757 Thread 0x00007f5a6000f000 Uncommon trap: reason=unstable_if action=reinterpret pc=0x00007f5a5045c2c0 method=java.io.DataInputStream.readUTF(Ljava/io/DataInput;)Ljava/lang/String; @ 112
Event: 5,873 Thread 0x00007f5a6000f000 Uncommon trap: reason=unstable_if action=reinterpret pc=0x00007f5a50512808 method=javassist.bytecode.AttributeInfo.read(Ljavassist/bytecode/ConstPool;Ljava/io/DataInputStream;)Ljavassist/bytecode/AttributeInfo; @ 158
Event: 8,175 Thread 0x00007f5a6000f000 Uncommon trap: reason=unstable_if action=reinterpret pc=0x00007f5a5067b694 method=java.util.Arrays.equals([I[I)Z @ 2
Event: 8,177 Thread 0x00007f5a6000f000 Uncommon trap: reason=predicate action=maybe_recompile pc=0x00007f5a506e0104 method=org.nd4j.linalg.api.shape.Shape.elementWiseStride([I[IZ)I @ 181

Internal exceptions (10 events):
Event: 0,440 Thread 0x00007f5a6000f000 Exception <a 'java/security/PrivilegedActionException'> (0x00000000ec171040) thrown at [/HUDSON3/workspace/8-2-build-linux-amd64/jdk8u121/8372/hotspot/src/share/vm/prims/jvm.cpp, line 1390]
Event: 0,445 Thread 0x00007f5a6000f000 Exception <a 'java/security/PrivilegedActionException'> (0x00000000ec186878) thrown at [/HUDSON3/workspace/8-2-build-linux-amd64/jdk8u121/8372/hotspot/src/share/vm/prims/jvm.cpp, line 1390]
Event: 0,445 Thread 0x00007f5a6000f000 Exception <a 'java/security/PrivilegedActionException'> (0x00000000ec186a88) thrown at [/HUDSON3/workspace/8-2-build-linux-amd64/jdk8u121/8372/hotspot/src/share/vm/prims/jvm.cpp, line 1390]
Event: 0,762 Thread 0x00007f5a6000f000 Exception <a 'java/security/PrivilegedActionException'> (0x00000000ec669898) thrown at [/HUDSON3/workspace/8-2-build-linux-amd64/jdk8u121/8372/hotspot/src/share/vm/prims/jvm.cpp, line 1390]
Event: 0,762 Thread 0x00007f5a6000f000 Exception <a 'java/security/PrivilegedActionException'> (0x00000000ec669aa8) thrown at [/HUDSON3/workspace/8-2-build-linux-amd64/jdk8u121/8372/hotspot/src/share/vm/prims/jvm.cpp, line 1390]
Event: 0,765 Thread 0x00007f5a6000f000 Exception <a 'java/security/PrivilegedActionException'> (0x00000000ec66bdd0) thrown at [/HUDSON3/workspace/8-2-build-linux-amd64/jdk8u121/8372/hotspot/src/share/vm/prims/jvm.cpp, line 1390]
Event: 0,765 Thread 0x00007f5a6000f000 Exception <a 'java/security/PrivilegedActionException'> (0x00000000ec66bfe0) thrown at [/HUDSON3/workspace/8-2-build-linux-amd64/jdk8u121/8372/hotspot/src/share/vm/prims/jvm.cpp, line 1390]
Event: 0,772 Thread 0x00007f5a6000f000 Implicit null exception at 0x00007f5a502e5636 to 0x00007f5a502e59dd
Event: 2,028 Thread 0x00007f5a6000f000 Exception <a 'java/lang/NoSuchFieldError': method resolution failed> (0x00000000ecbffd58) thrown at [/HUDSON3/workspace/8-2-build-linux-amd64/jdk8u121/8372/hotspot/src/share/vm/prims/methodHandles.cpp, line 1146]
Event: 2,032 Thread 0x00007f5a6000f000 Exception <a 'java/lang/NoSuchFieldError': method resolution failed> (0x00000000ecc0dcf8) thrown at [/HUDSON3/workspace/8-2-build-linux-amd64/jdk8u121/8372/hotspot/src/share/vm/prims/methodHandles.cpp, line 1146]

Events (10 events):
Event: 15,272 Thread 0x00007f5a6057f800 flushing nmethod 0x00007f5a5044a210
Event: 15,272 Thread 0x00007f5a6057f800 flushing nmethod 0x00007f5a5044aad0
Event: 15,419 Thread 0x00007f5a60581000 flushing nmethod 0x00007f5a50452610
Event: 15,419 Thread 0x00007f5a60581000 flushing nmethod 0x00007f5a50458190
Event: 15,419 Thread 0x00007f5a60581000 flushing nmethod 0x00007f5a5045b410
Event: 15,419 Thread 0x00007f5a60581000 flushing nmethod 0x00007f5a50470190
Event: 15,425 Thread 0x00007f5a60581000 flushing nmethod 0x00007f5a504bb690
Event: 15,425 Thread 0x00007f5a60581000 flushing nmethod 0x00007f5a504bf850
Event: 15,425 Thread 0x00007f5a60581000 flushing nmethod 0x00007f5a504cb190
Event: 17,858 Executing VM operation: ParallelGCFailedAllocation


Dynamic libraries:
00400000-00401000 r-xp 00000000 08:01 4994462                            /usr/local/jdk1.8.0_121/bin/java
00600000-00601000 rw-p 00000000 08:01 4994462                            /usr/local/jdk1.8.0_121/bin/java
0128d000-012ae000 rw-p 00000000 00:00 0                                  [heap]
c3e00000-c6780000 rw-p 00000000 00:00 0 
c6780000-ebf80000 ---p 00000000 00:00 0 
ebf80000-f4e80000 rw-p 00000000 00:00 0 
f9c00000-100000000 ---p 00000000 00:00 0 
100000000-1001e0000 rw-p 00000000 00:00 0 
1001e0000-140000000 ---p 00000000 00:00 0 
7f59dc000000-7f59dfffe000 rw-p 00000000 00:00 0 
7f59dfffe000-7f59e0000000 ---p 00000000 00:00 0 
7f59e0000000-7f59e16a6000 rw-p 00000000 00:00 0 
7f59e16a6000-7f59e4000000 ---p 00000000 00:00 0 
7f59e4000000-7f59e7f7e000 rw-p 00000000 00:00 0 
7f59e7f7e000-7f59e8000000 ---p 00000000 00:00 0 
7f59e8000000-7f59ebf9b000 rw-p 00000000 00:00 0 
7f59ebf9b000-7f59ec000000 ---p 00000000 00:00 0 
7f59ec000000-7f59effe7000 rw-p 00000000 00:00 0 
7f59effe7000-7f59f0000000 ---p 00000000 00:00 0 
7f59f0000000-7f59f3fff000 rw-p 00000000 00:00 0 
7f59f3fff000-7f59f4000000 ---p 00000000 00:00 0 
7f59f4000000-7f59f7fff000 rw-p 00000000 00:00 0 
7f59f7fff000-7f59f8000000 ---p 00000000 00:00 0 
7f59f97ff000-7f59ff7ff000 rw-p 00000000 00:00 0 
7f59ff7ff000-7f59ff800000 ---p 00000000 00:00 0 
7f59ff800000-7f5a00000000 rw-p 00000000 00:00 0 
7f5a00000000-7f5a00021000 rw-p 00000000 00:00 0 
7f5a00021000-7f5a04000000 ---p 00000000 00:00 0 
7f5a046f6000-7f5a046f7000 ---p 00000000 00:00 0 
7f5a046f7000-7f5a04ef7000 rw-p 00000000 00:00 0 
7f5a04ef7000-7f5a05df9000 r-xp 00000000 08:01 4090498                    /home/duser/.javacpp/cache/openblas-0.2.19-1.3-linux-x86_64.jar/org/bytedeco/javacpp/linux-x86_64/libjniopenblas.so
7f5a05df9000-7f5a05ff8000 ---p 00f02000 08:01 4090498                    /home/duser/.javacpp/cache/openblas-0.2.19-1.3-linux-x86_64.jar/org/bytedeco/javacpp/linux-x86_64/libjniopenblas.so
7f5a05ff8000-7f5a06000000 rw-p 00f01000 08:01 4090498                    /home/duser/.javacpp/cache/openblas-0.2.19-1.3-linux-x86_64.jar/org/bytedeco/javacpp/linux-x86_64/libjniopenblas.so
7f5a06000000-7f5a08000000 rw-p 00000000 00:00 0 
7f5a08000000-7f5a08021000 rw-p 00000000 00:00 0 
7f5a08021000-7f5a0c000000 ---p 00000000 00:00 0 
7f5a0c1f1000-7f5a0c1f2000 ---p 00000000 00:00 0 
7f5a0c1f2000-7f5a0c9f2000 rw-p 00000000 00:00 0 
7f5a0c9f2000-7f5a0ec2a000 r-xp 00000000 08:01 4090496                    /home/duser/.javacpp/cache/openblas-0.2.19-1.3-linux-x86_64.jar/org/bytedeco/javacpp/linux-x86_64/libopenblas.so.0
7f5a0ec2a000-7f5a0ee2a000 ---p 02238000 08:01 4090496                    /home/duser/.javacpp/cache/openblas-0.2.19-1.3-linux-x86_64.jar/org/bytedeco/javacpp/linux-x86_64/libopenblas.so.0
7f5a0ee2a000-7f5a0ee49000 rw-p 02238000 08:01 4090496                    /home/duser/.javacpp/cache/openblas-0.2.19-1.3-linux-x86_64.jar/org/bytedeco/javacpp/linux-x86_64/libopenblas.so.0
7f5a0ee49000-7f5a0eeac000 rw-p 00000000 00:00 0 
7f5a0eeac000-7f5a0ef9c000 r-xp 00000000 08:01 4090494                    /home/duser/.javacpp/cache/openblas-0.2.19-1.3-linux-x86_64.jar/org/bytedeco/javacpp/linux-x86_64/libgfortran.so.3
7f5a0ef9c000-7f5a0f19b000 ---p 000f0000 08:01 4090494                    /home/duser/.javacpp/cache/openblas-0.2.19-1.3-linux-x86_64.jar/org/bytedeco/javacpp/linux-x86_64/libgfortran.so.3
7f5a0f19b000-7f5a0f19d000 rw-p 000ef000 08:01 4090494                    /home/duser/.javacpp/cache/openblas-0.2.19-1.3-linux-x86_64.jar/org/bytedeco/javacpp/linux-x86_64/libgfortran.so.3
7f5a0f19d000-7f5a0f19e000 rw-p 00000000 00:00 0 
7f5a0f19e000-7f5a0f1b4000 r-xp 00000000 08:01 4090492                    /home/duser/.javacpp/cache/openblas-0.2.19-1.3-linux-x86_64.jar/org/bytedeco/javacpp/linux-x86_64/libgcc_s.so.1
7f5a0f1b4000-7f5a0f3b3000 ---p 00016000 08:01 4090492                    /home/duser/.javacpp/cache/openblas-0.2.19-1.3-linux-x86_64.jar/org/bytedeco/javacpp/linux-x86_64/libgcc_s.so.1
7f5a0f3b3000-7f5a0f3b4000 rw-p 00015000 08:01 4090492                    /home/duser/.javacpp/cache/openblas-0.2.19-1.3-linux-x86_64.jar/org/bytedeco/javacpp/linux-x86_64/libgcc_s.so.1
7f5a0f3b4000-7f5a14000000 rw-p 00000000 00:00 0 
7f5a14000000-7f5a14021000 rw-p 00000000 00:00 0 
7f5a14021000-7f5a18000000 ---p 00000000 00:00 0 
7f5a181a9000-7f5a18369000 rw-p 00000000 00:00 0 
7f5a18369000-7f5a183a9000 ---p 00000000 00:00 0 
7f5a183a9000-7f5a185a9000 rw-p 00000000 00:00 0 
7f5a185a9000-7f5a1880f000 r-xp 00000000 08:01 4090392                    /home/duser/.javacpp/cache/opencv-3.1.0-1.3-linux-x86_64.jar/org/bytedeco/javacpp/linux-x86_64/libjniopencv_core.so
7f5a1880f000-7f5a18a0f000 ---p 00266000 08:01 4090392                    /home/duser/.javacpp/cache/opencv-3.1.0-1.3-linux-x86_64.jar/org/bytedeco/javacpp/linux-x86_64/libjniopencv_core.so
7f5a18a0f000-7f5a18a12000 rw-p 00266000 08:01 4090392                    /home/duser/.javacpp/cache/opencv-3.1.0-1.3-linux-x86_64.jar/org/bytedeco/javacpp/linux-x86_64/libjniopencv_core.so
7f5a18a12000-7f5a18c21000 r-xp 00000000 08:01 4090390                    /home/duser/.javacpp/cache/opencv-3.1.0-1.3-linux-x86_64.jar/org/bytedeco/javacpp/linux-x86_64/libopencv_imgproc.so.3.1
7f5a18c21000-7f5a18e20000 ---p 0020f000 08:01 4090390                    /home/duser/.javacpp/cache/opencv-3.1.0-1.3-linux-x86_64.jar/org/bytedeco/javacpp/linux-x86_64/libopencv_imgproc.so.3.1
7f5a18e20000-7f5a18e32000 rw-p 0020e000 08:01 4090390                    /home/duser/.javacpp/cache/opencv-3.1.0-1.3-linux-x86_64.jar/org/bytedeco/javacpp/linux-x86_64/libopencv_imgproc.so.3.1
7f5a18e32000-7f5a18ec7000 rw-p 00000000 00:00 0 
7f5a18ec7000-7f5a190ca000 r-xp 00000000 08:01 4090388                    /home/duser/.javacpp/cache/opencv-3.1.0-1.3-linux-x86_64.jar/org/bytedeco/javacpp/linux-x86_64/libopencv_core.so.3.1
7f5a190ca000-7f5a192ca000 ---p 00203000 08:01 4090388                    /home/duser/.javacpp/cache/opencv-3.1.0-1.3-linux-x86_64.jar/org/bytedeco/javacpp/linux-x86_64/libopencv_core.so.3.1
7f5a192ca000-7f5a192d1000 rw-p 00203000 08:01 4090388                    /home/duser/.javacpp/cache/opencv-3.1.0-1.3-linux-x86_64.jar/org/bytedeco/javacpp/linux-x86_64/libopencv_core.so.3.1
7f5a192d1000-7f5a192d3000 rw-p 00000000 00:00 0 
7f5a192d3000-7f5a192d4000 ---p 00000000 00:00 0 
7f5a192d4000-7f5a19ad4000 rw-p 00000000 00:00 0 
7f5a19ad4000-7f5a19ad5000 ---p 00000000 00:00 0 
7f5a19ad5000-7f5a1a2d5000 rw-p 00000000 00:00 0 
7f5a1a2d5000-7f5a1a2d6000 ---p 00000000 00:00 0 
7f5a1a2d6000-7f5a1acd6000 rw-p 00000000 00:00 0 
7f5a1acd6000-7f5a1aed6000 rw-p 00000000 00:00 0 
7f5a1aed6000-7f5a1aed9000 ---p 00000000 00:00 0 
7f5a1aed9000-7f5a1b1d7000 rw-p 00000000 00:00 0 
7f5a1b1d7000-7f5a1b254000 r-xp 00000000 08:01 3954179                    /home/duser/.javacpp/cache/nd4j-native-0.7.2-linux-x86_64.jar/org/nd4j/nativeblas/linux-x86_64/libjnind4jcpu.so
7f5a1b254000-7f5a1b453000 ---p 0007d000 08:01 3954179                    /home/duser/.javacpp/cache/nd4j-native-0.7.2-linux-x86_64.jar/org/nd4j/nativeblas/linux-x86_64/libjnind4jcpu.so
7f5a1b453000-7f5a1b454000 rw-p 0007c000 08:01 3954179                    /home/duser/.javacpp/cache/nd4j-native-0.7.2-linux-x86_64.jar/org/nd4j/nativeblas/linux-x86_64/libjnind4jcpu.so
7f5a1b454000-7f5a1b46a000 r-xp 00000000 08:01 658182                     /lib/x86_64-linux-gnu/libgcc_s.so.1
7f5a1b46a000-7f5a1b669000 ---p 00016000 08:01 658182                     /lib/x86_64-linux-gnu/libgcc_s.so.1
7f5a1b669000-7f5a1b66a000 rw-p 00015000 08:01 658182                     /lib/x86_64-linux-gnu/libgcc_s.so.1
7f5a1b66a000-7f5a1b7dc000 r-xp 00000000 08:01 4850033                    /usr/lib/x86_64-linux-gnu/libstdc++.so.6.0.21
7f5a1b7dc000-7f5a1b9dc000 ---p 00172000 08:01 4850033                    /usr/lib/x86_64-linux-gnu/libstdc++.so.6.0.21
7f5a1b9dc000-7f5a1b9e6000 r--p 00172000 08:01 4850033                    /usr/lib/x86_64-linux-gnu/libstdc++.so.6.0.21
7f5a1b9e6000-7f5a1b9e8000 rw-p 0017c000 08:01 4850033                    /usr/lib/x86_64-linux-gnu/libstdc++.so.6.0.21
7f5a1b9e8000-7f5a1b9ec000 rw-p 00000000 00:00 0 
7f5a1b9ec000-7f5a1bbee000 r-xp 00000000 08:01 3954145                    /home/duser/.javacpp/cache/nd4j-native-0.7.2-linux-x86_64.jar/org/nd4j/nativeblas/linux-x86_64/libnd4jcpu.so
7f5a1bbee000-7f5a1bdee000 ---p 00202000 08:01 3954145                    /home/duser/.javacpp/cache/nd4j-native-0.7.2-linux-x86_64.jar/org/nd4j/nativeblas/linux-x86_64/libnd4jcpu.so
7f5a1bdee000-7f5a1bdef000 rw-p 00202000 08:01 3954145                    /home/duser/.javacpp/cache/nd4j-native-0.7.2-linux-x86_64.jar/org/nd4j/nativeblas/linux-x86_64/libnd4jcpu.so
7f5a1bdef000-7f5a1be00000 r-xp 00000000 08:01 2228946                    /usr/local/jdk1.8.0_121/jre/lib/amd64/libnio.so
7f5a1be00000-7f5a1bfff000 ---p 00011000 08:01 2228946                    /usr/local/jdk1.8.0_121/jre/lib/amd64/libnio.so
7f5a1bfff000-7f5a1c000000 rw-p 00010000 08:01 2228946                    /usr/local/jdk1.8.0_121/jre/lib/amd64/libnio.so
7f5a1c000000-7f5a1c021000 rw-p 00000000 00:00 0 
7f5a1c021000-7f5a20000000 ---p 00000000 00:00 0 
7f5a20000000-7f5a20021000 rw-p 00000000 00:00 0 
7f5a20021000-7f5a24000000 ---p 00000000 00:00 0 
7f5a24000000-7f5a25a79000 rw-p 00000000 00:00 0 
7f5a25a79000-7f5a28000000 ---p 00000000 00:00 0 
7f5a28000000-7f5a28869000 rw-p 00000000 00:00 0 
7f5a28869000-7f5a2c000000 ---p 00000000 00:00 0 
7f5a2c000000-7f5a2c021000 rw-p 00000000 00:00 0 
7f5a2c021000-7f5a30000000 ---p 00000000 00:00 0 
7f5a30000000-7f5a30021000 rw-p 00000000 00:00 0 
7f5a30021000-7f5a34000000 ---p 00000000 00:00 0 
7f5a34000000-7f5a34021000 rw-p 00000000 00:00 0 
7f5a34021000-7f5a38000000 ---p 00000000 00:00 0 
7f5a38000000-7f5a38021000 rw-p 00000000 00:00 0 
7f5a38021000-7f5a3c000000 ---p 00000000 00:00 0 
7f5a3c039000-7f5a3c04e000 r-xp 00000000 08:01 3954089                    /home/duser/.javacpp/cache/nd4j-native-0.7.2-linux-x86_64.jar/org/nd4j/nativeblas/linux-x86_64/libgomp.so.1
7f5a3c04e000-7f5a3c24d000 ---p 00015000 08:01 3954089                    /home/duser/.javacpp/cache/nd4j-native-0.7.2-linux-x86_64.jar/org/nd4j/nativeblas/linux-x86_64/libgomp.so.1
7f5a3c24d000-7f5a3c24e000 rw-p 00014000 08:01 3954089                    /home/duser/.javacpp/cache/nd4j-native-0.7.2-linux-x86_64.jar/org/nd4j/nativeblas/linux-x86_64/libgomp.so.1
7f5a3c24e000-7f5a3c251000 ---p 00000000 00:00 0 
7f5a3c251000-7f5a3c34f000 rw-p 00000000 00:00 0 
7f5a3c34f000-7f5a3c350000 ---p 00000000 00:00 0 
7f5a3c350000-7f5a3c450000 rw-p 00000000 00:00 0 
7f5a3c450000-7f5a3c453000 ---p 00000000 00:00 0 
7f5a3c453000-7f5a3f552000 rw-p 00000000 00:00 0 
7f5a3f552000-7f5a3f568000 r-xp 00000000 08:01 2228921                    /usr/local/jdk1.8.0_121/jre/lib/amd64/libnet.so
7f5a3f568000-7f5a3f768000 ---p 00016000 08:01 2228921                    /usr/local/jdk1.8.0_121/jre/lib/amd64/libnet.so
7f5a3f768000-7f5a3f769000 rw-p 00016000 08:01 2228921                    /usr/local/jdk1.8.0_121/jre/lib/amd64/libnet.so
7f5a3f769000-7f5a3f76c000 ---p 00000000 00:00 0 
7f5a3f76c000-7f5a3f86a000 rw-p 00000000 00:00 0 
7f5a3f86a000-7f5a3f86d000 ---p 00000000 00:00 0 
7f5a3f86d000-7f5a3f96b000 rw-p 00000000 00:00 0 
7f5a3f96b000-7f5a3f96e000 ---p 00000000 00:00 0 
7f5a3f96e000-7f5a3fa6c000 rw-p 00000000 00:00 0 
7f5a3fa6c000-7f5a3fa6e000 r--s 0001a000 08:01 4750046                    /opt/idea-IC-182.3911.36/lib/idea_rt.jar
7f5a3fa6e000-7f5a3fa70000 r--s 00008000 08:01 4488592                    /home/duser/.m2/repository/gov/nist/math/jama/1.0.3/jama-1.0.3.jar
7f5a3fa70000-7f5a3fa72000 r--s 0000b000 08:01 2115576                    /home/duser/.m2/repository/com/github/yannrichet/JMathArray/1.0/JMathArray-1.0.jar
7f5a3fa72000-7f5a3fa73000 r--s 00005000 08:01 1985514                    /home/duser/.m2/repository/com/github/yannrichet/JMathIO/1.0/JMathIO-1.0.jar
7f5a3fa73000-7f5a3fa77000 r--s 00036000 08:01 1985512                    /home/duser/.m2/repository/com/github/yannrichet/JMathPlot/1.0.1/JMathPlot-1.0.1.jar
7f5a3fa77000-7f5a3fa7c000 r--s 00016000 08:01 2236291                    /home/duser/.m2/repository/xml-apis/xml-apis/1.0.b2/xml-apis-1.0.b2.jar
7f5a3fa7c000-7f5a3fa7e000 r--s 0000e000 08:01 2236107                    /home/duser/.m2/repository/oro/oro/2.0.8/oro-2.0.8.jar
7f5a3fa7e000-7f5a3fa80000 r--s 00008000 08:01 2236062                    /home/duser/.m2/repository/commons-logging/commons-logging/1.0.4/commons-logging-1.0.4.jar
7f5a3fa80000-7f5a3fa86000 r--s 00023000 08:01 2241572                    /home/duser/.m2/repository/commons-collections/commons-collections/2.1/commons-collections-2.1.jar
7f5a3fa86000-7f5a3fa8a000 r--s 00026000 08:01 2236058                    /home/duser/.m2/repository/commons-digester/commons-digester/1.6/commons-digester-1.6.jar
7f5a3fa8a000-7f5a3fa8f000 r--s 0002a000 08:01 2236056                    /home/duser/.m2/repository/commons-beanutils/commons-beanutils/1.7.0/commons-beanutils-1.7.0.jar
7f5a3fa8f000-7f5a3fa92000 r--s 00014000 08:01 2236306                    /home/duser/.m2/repository/commons-validator/commons-validator/1.2.0/commons-validator-1.2.0.jar
7f5a3fa92000-7f5a3fa9b000 r--s 0006f000 08:01 4090348                    /home/duser/.m2/repository/log4j/log4j/1.2.17/log4j-1.2.17.jar
7f5a3fa9b000-7f5a3fa9d000 r--s 00001000 08:01 4090346                    /home/duser/.m2/repository/org/slf4j/slf4j-log4j12/1.7.5/slf4j-log4j12-1.7.5.jar
7f5a3fa9d000-7f5a3fa9f000 r--s 00005000 08:01 4090345                    /home/duser/.m2/repository/org/slf4j/slf4j-api/1.7.5/slf4j-api-1.7.5.jar
7f5a3fa9f000-7f5a3faa0000 r--s 000ac000 08:01 6445473                    /home/duser/.m2/repository/org/nd4j/nd4j-native/0.7.2/nd4j-native-0.7.2-linux-ppc64le.jar
7f5a3faa0000-7f5a3faa1000 r--s 00137000 08:01 6445469                    /home/duser/.m2/repository/org/nd4j/nd4j-native/0.7.2/nd4j-native-0.7.2-windows-x86_64.jar
7f5a3faa1000-7f5a3faa2000 r--s 00105000 08:01 6445471                    /home/duser/.m2/repository/org/nd4j/nd4j-native/0.7.2/nd4j-native-0.7.2-macosx-x86_64.jar
7f5a3faa2000-7f5a3faa3000 r--s 0009d000 08:01 6445477                    /home/duser/.m2/repository/org/nd4j/nd4j-native/0.7.2/nd4j-native-0.7.2-linux-x86_64.jar
7f5a3faa3000-7f5a3faa4000 r--s 0010a000 08:01 6445465                    /home/duser/.m2/repository/org/nd4j/nd4j-native/0.7.2/nd4j-native-0.7.2-android-x86.jar
7f5a3faa4000-7f5a3faa5000 r--s 000c8000 08:01 6445467                    /home/duser/.m2/repository/org/nd4j/nd4j-native/0.7.2/nd4j-native-0.7.2-android-arm.jar
7f5a3faa5000-7f5a3faa6000 r--s 00008000 08:01 6954170                    /home/duser/.m2/repository/org/nd4j/nd4j-native-api/0.7.2/nd4j-native-api-0.7.2.jar
7f5a3faa6000-7f5a3faa7000 r--s 00639000 08:01 1984348                    /home/duser/.m2/repository/org/bytedeco/javacpp-presets/openblas/0.2.19-1.3/openblas-0.2.19-1.3-linux-ppc64le.jar
7f5a3faa7000-7f5a3faa8000 r--s 00ad9000 08:01 1984354                    /home/duser/.m2/repository/org/bytedeco/javacpp-presets/openblas/0.2.19-1.3/openblas-0.2.19-1.3-windows-x86_64.jar
7f5a3faa8000-7f5a3faaa000 r--s 00bd4000 08:01 1984356                    /home/duser/.m2/repository/org/bytedeco/javacpp-presets/openblas/0.2.19-1.3/openblas-0.2.19-1.3-macosx-x86_64.jar
7f5a3faaa000-7f5a3faab000 r--s 00b04000 08:01 1984785                    /home/duser/.m2/repository/org/bytedeco/javacpp-presets/openblas/0.2.19-1.3/openblas-0.2.19-1.3-linux-x86_64.jar
7f5a3faab000-7f5a3faac000 r--s 00104000 08:01 1984358                    /home/duser/.m2/repository/org/bytedeco/javacpp-presets/openblas/0.2.19-1.3/openblas-0.2.19-1.3-android-x86.jar
7f5a3faac000-7f5a3faad000 r--s 0009e000 08:01 1984784                    /home/duser/.m2/repository/org/bytedeco/javacpp-presets/openblas/0.2.19-1.3/openblas-0.2.19-1.3-android-arm.jar
7f5a3faad000-7f5a3faae000 r--s 0001c000 08:01 1984359                    /home/duser/.m2/repository/org/bytedeco/javacpp-presets/openblas/0.2.19-1.3/openblas-0.2.19-1.3.jar
7f5a3faae000-7f5a3fab0000 r--s 0000e000 08:01 6445463                    /home/duser/.m2/repository/org/nd4j/nd4j-native/0.7.2/nd4j-native-0.7.2.jar
7f5a3fab0000-7f5a3fab1000 r--s 00000000 08:01 4490596                    /home/duser/.m2/repository/org/nd4j/nd4j-native-platform/0.7.2/nd4j-native-platform-0.7.2.jar
7f5a3fab1000-7f5a3fab2000 r--s 00239000 08:01 1077725                    /home/duser/.m2/repository/org/bytedeco/javacpp-presets/leptonica/1.73-1.3/leptonica-1.73-1.3-linux-ppc64le.jar
7f5a3fab2000-7f5a3fab4000 r--s 00291000 08:01 1077722                    /home/duser/.m2/repository/org/bytedeco/javacpp-presets/leptonica/1.73-1.3/leptonica-1.73-1.3-windows-x86_64.jar
7f5a3fab4000-7f5a3fab5000 r--s 00254000 08:01 1077720                    /home/duser/.m2/repository/org/bytedeco/javacpp-presets/leptonica/1.73-1.3/leptonica-1.73-1.3-macosx-x86_64.jar
7f5a3fab5000-7f5a3fab7000 r--s 00242000 08:01 1077701                    /home/duser/.m2/repository/org/bytedeco/javacpp-presets/leptonica/1.73-1.3/leptonica-1.73-1.3-linux-x86_64.jar
7f5a3fab7000-7f5a3fab8000 r--s 00245000 08:01 1077716                    /home/duser/.m2/repository/org/bytedeco/javacpp-presets/leptonica/1.73-1.3/leptonica-1.73-1.3-android-x86.jar
7f5a3fab8000-7f5a3fab9000 r--s 001e0000 08:01 1077714                    /home/duser/.m2/repository/org/bytedeco/javacpp-presets/leptonica/1.73-1.3/leptonica-1.73-1.3-android-arm.jar
7f5a3fab9000-7f5a3fabc000 r--s 00021000 08:01 1077712                    /home/duser/.m2/repository/org/bytedeco/javacpp-presets/leptonica/1.73-1.3/leptonica-1.73-1.3.jar
7f5a3fabc000-7f5a3fabe000 r--s 00988000 08:01 1077710                    /home/duser/.m2/repository/org/bytedeco/javacpp-presets/opencv/3.1.0-1.3/opencv-3.1.0-1.3-linux-ppc64le.jar
7f5a3fabe000-7f5a3fac1000 r--s 009d8000 08:01 1077708                    /home/duser/.m2/repository/org/bytedeco/javacpp-presets/opencv/3.1.0-1.3/opencv-3.1.0-1.3-windows-x86_64.jar
7f5a3fac1000-7f5a3fac3000 r--s 00821000 08:01 1077706                    /home/duser/.m2/repository/org/bytedeco/javacpp-presets/opencv/3.1.0-1.3/opencv-3.1.0-1.3-macosx-x86_64.jar
7f5a3fac3000-7f5a3fac6000 r--s 007bf000 08:01 1077700                    /home/duser/.m2/repository/org/bytedeco/javacpp-presets/opencv/3.1.0-1.3/opencv-3.1.0-1.3-linux-x86_64.jar
7f5a3fac6000-7f5a40000000 r--p 00000000 08:01 4857194                    /usr/lib/locale/locale-archive
7f5a40000000-7f5a40021000 rw-p 00000000 00:00 0 
7f5a40021000-7f5a44000000 ---p 00000000 00:00 0 
7f5a44000000-7f5a4428f000 rw-p 00000000 00:00 0 
7f5a4428f000-7f5a48000000 ---p 00000000 00:00 0 
7f5a48000000-7f5a48021000 rw-p 00000000 00:00 0 
7f5a48021000-7f5a4c000000 ---p 00000000 00:00 0 
7f5a4c000000-7f5a4c002000 r--s 00bf0000 08:01 1077704                    /home/duser/.m2/repository/org/bytedeco/javacpp-presets/opencv/3.1.0-1.3/opencv-3.1.0-1.3-android-x86.jar
7f5a4c002000-7f5a4c004000 r--s 008f3000 08:01 1077682                    /home/duser/.m2/repository/org/bytedeco/javacpp-presets/opencv/3.1.0-1.3/opencv-3.1.0-1.3-android-arm.jar
7f5a4c004000-7f5a4c014000 r--s 00098000 08:01 1077702                    /home/duser/.m2/repository/org/bytedeco/javacpp-presets/opencv/3.1.0-1.3/opencv-3.1.0-1.3.jar
7f5a4c014000-7f5a4c015000 r--s 00002000 08:01 1077698                    /home/duser/.m2/repository/org/bytedeco/javacpp-presets/flandmark/1.07-1.3/flandmark-1.07-1.3.jar
7f5a4c015000-7f5a4c016000 r--s 00005000 08:01 1077696                    /home/duser/.m2/repository/org/bytedeco/javacpp-presets/artoolkitplus/2.3.1-1.3/artoolkitplus-2.3.1-1.3.jar
7f5a4c016000-7f5a4c017000 r--s 00003000 08:01 1077681                    /home/duser/.m2/repository/org/bytedeco/javacpp-presets/videoinput/0.200-1.3/videoinput-0.200-1.3.jar
7f5a4c017000-7f5a4c01a000 r--s 00009000 08:01 1077692                    /home/duser/.m2/repository/org/bytedeco/javacpp-presets/librealsense/1.9.6-1.3/librealsense-1.9.6-1.3.jar
7f5a4c01a000-7f5a4c01c000 r--s 00004000 08:01 1077683                    /home/duser/.m2/repository/org/bytedeco/javacpp-presets/libfreenect/0.5.3-1.3/libfreenect-0.5.3-1.3.jar
7f5a4c01c000-7f5a4c01e000 r--s 00006000 08:01 1077688                    /home/duser/.m2/repository/org/bytedeco/javacpp-presets/libdc1394/2.2.4-1.3/libdc1394-2.2.4-1.3.jar
7f5a4c01e000-7f5a4c022000 r--s 0001f000 08:01 1077686                    /home/duser/.m2/repository/org/bytedeco/javacpp-presets/flycapture/2.9.3.43-1.3/flycapture-2.9.3.43-1.3.jar
7f5a4c022000-7f5a4c029000 r--s 00033000 08:01 1077684                    /home/duser/.m2/repository/org/bytedeco/javacpp-presets/ffmpeg/3.2.1-1.3/ffmpeg-3.2.1-1.3.jar
7f5a4c029000-7f5a4c02d000 r--s 00058000 08:01 1077680                    /home/duser/.m2/repository/org/bytedeco/javacv/1.3/javacv-1.3.jar
7f5a4c02d000-7f5a4c032000 r--s 00048000 08:01 2517505                    /home/duser/.m2/repository/org/bytedeco/javacpp/1.3.1/javacpp-1.3.1.jar
7f5a4c032000-7f5a4c034000 r--s 0000b000 08:01 3159784                    /home/duser/.m2/repository/com/twelvemonkeys/imageio/imageio-bmp/3.1.1/imageio-bmp-3.1.1.jar
7f5a4c034000-7f5a4c036000 r--s 0000f000 08:01 3159785                    /home/duser/.m2/repository/com/twelvemonkeys/imageio/imageio-psd/3.1.1/imageio-psd-3.1.1.jar
7f5a4c036000-7f5a4c038000 r--s 0000e000 08:01 3159780                    /home/duser/.m2/repository/com/twelvemonkeys/imageio/imageio-tiff/3.1.1/imageio-tiff-3.1.1.jar
7f5a4c038000-7f5a4c03b000 r--s 00012000 08:01 3159777                    /home/duser/.m2/repository/com/twelvemonkeys/common/common-image/3.1.1/common-image-3.1.1.jar
7f5a4c03b000-7f5a4c03d000 r--s 00014000 08:01 3159781                    /home/duser/.m2/repository/com/twelvemonkeys/common/common-io/3.1.1/common-io-3.1.1.jar
7f5a4c03d000-7f5a4c040000 r--s 0001a000 08:01 3159795                    /home/duser/.m2/repository/com/twelvemonkeys/common/common-lang/3.1.1/common-lang-3.1.1.jar
7f5a4c040000-7f5a4c043000 r--s 0000e000 08:01 3159783                    /home/duser/.m2/repository/com/twelvemonkeys/imageio/imageio-metadata/3.1.1/imageio-metadata-3.1.1.jar
7f5a4c043000-7f5a4c046000 r--s 0000c000 08:01 3159788                    /home/duser/.m2/repository/com/twelvemonkeys/imageio/imageio-core/3.1.1/imageio-core-3.1.1.jar
7f5a4c046000-7f5a4c048000 r--s 0000d000 08:01 3159773                    /home/duser/.m2/repository/com/twelvemonkeys/imageio/imageio-jpeg/3.1.1/imageio-jpeg-3.1.1.jar
7f5a4c048000-7f5a4c053000 r--s 00088000 08:01 2517502                    /home/duser/.m2/repository/com/github/jai-imageio/jai-imageio-core/1.3.0/jai-imageio-core-1.3.0.jar
7f5a4c053000-7f5a4c055000 r--s 0000f000 08:01 1077678                    /home/duser/.m2/repository/org/datavec/datavec-data-image/0.7.2/datavec-data-image-0.7.2.jar
7f5a4c055000-7f5a4c06d000 r--s 00132000 08:01 550577                     /home/duser/.m2/repository/org/freemarker/freemarker/2.3.23/freemarker-2.3.23.jar
7f5a4c06d000-7f5a4c07a000 r--s 0008a000 08:01 4490601                    /home/duser/.m2/repository/org/datavec/datavec-api/0.7.2/datavec-api-0.7.2.jar
7f5a4c07a000-7f5a4c07c000 r--s 00001000 08:01 4490579                    /home/duser/.m2/repository/org/datavec/datavec-nd4j-common/0.7.2/datavec-nd4j-common-0.7.2.jar
7f5a4c07c000-7f5a4c091000 r--s 00141000 08:01 4490590                    /home/duser/.m2/repository/org/projectlombok/lombok/1.16.10/lombok-1.16.10.jar
7f5a4c091000-7f5a4c092000 r--s 0000f000 08:01 4749884                    /home/duser/.m2/repository/org/json/json/20131018/json-20131018.jar
7f5a4c092000-7f5a4c0a2000 r--s 0007d000 08:01 4490591                    /home/duser/.m2/repository/joda-time/joda-time/2.2/joda-time-2.2.jar
7f5a4c0a2000-7f5a4c0a6000 r--s 00024000 08:01 4490589                    /home/duser/.m2/repository/org/codehaus/woodstox/stax2-api/3.1.4/stax2-api-3.1.4.jar
7f5a4c0a6000-7f5a4c0ad000 r--s 0003c000 08:01 4490587                    /home/duser/.m2/repository/org/yaml/snakeyaml/1.12/snakeyaml-1.12.jar
7f5a4c0ad000-7f5a4c0cd000 r--s 001ac000 08:01 4490580                    /home/duser/.m2/repository/org/nd4j/jackson/0.7.2/jackson-0.7.2.jar
7f5a4c0cd000-7f5a4c0d4000 r--s 0005e000 08:01 154878                     /home/duser/.m2/repository/org/apache/commons/commons-lang3/3.3.1/commons-lang3-3.3.1.jar
7f5a4c0d4000-7f5a4c0d6000 r--s 00001000 08:01 687244                     /home/duser/.m2/repository/org/nd4j/nd4j-context/0.7.2/nd4j-context-0.7.2.jar
7f5a4c0d6000-7f5a4c0da000 r--s 0000f000 08:01 938989                     /home/duser/.m2/repository/com/google/code/findbugs/annotations/2.0.1/annotations-2.0.1.jar
7f5a4c0da000-7f5a4c0e3000 r--s 000ae000 08:01 4490585                    /home/duser/.m2/repository/org/javassist/javassist/3.19.0-GA/javassist-3.19.0-GA.jar
7f5a4c0e3000-7f5a4c0e6000 r--s 0001d000 08:01 4490584                    /home/duser/.m2/repository/org/reflections/reflections/0.9.10/reflections-0.9.10.jar
7f5a4c0e6000-7f5a4c0e9000 r--s 0001d000 08:01 4490567                    /home/duser/.m2/repository/org/nd4j/nd4j-common/0.7.2/nd4j-common-0.7.2.jar
7f5a4c0e9000-7f5a4c0f8000 r--s 000cc000 08:01 4490586                    /home/duser/.m2/repository/org/nd4j/nd4j-api/0.7.2/nd4j-api-0.7.2.jar
7f5a4c0f8000-7f5a4c0fb000 r--s 00006000 08:01 938987                     /home/duser/.m2/repository/com/google/code/findbugs/jsr305/1.3.9/jsr305-1.3.9.jar
7f5a4c0fb000-7f5a4c11b000 r--s 00173000 08:01 2246700                    /home/duser/.m2/repository/com/google/guava/guava/11.0/guava-11.0.jar
7f5a4c11b000-7f5a4c11f000 r--s 00015000 08:01 4490575                    /home/duser/.m2/repository/org/tukaani/xz/1.5/xz-1.5.jar
7f5a4c11f000-7f5a4c126000 r--s 00053000 08:01 3159775                    /home/duser/.m2/repository/org/apache/commons/commons-compress/1.8/commons-compress-1.8.jar
7f5a4c126000-7f5a4c12a000 r--s 0002a000 08:01 2246704                    /home/duser/.m2/repository/commons-io/commons-io/2.4/commons-io-2.4.jar
7f5a4c12a000-7f5a4c14e000 r--s 001cd000 08:01 6572778                    /home/duser/.m2/repository/org/apache/commons/commons-math3/3.4.1/commons-math3-3.4.1.jar
7f5a4c14e000-7f5a4c15b000 r--s 000b6000 08:01 4490573                    /home/duser/.m2/repository/org/deeplearning4j/deeplearning4j-nn/0.7.2/deeplearning4j-nn-0.7.2.jar
7f5a4c15b000-7f5a4c160000 r--s 0002a000 08:01 4490569                    /home/duser/.m2/repository/org/deeplearning4j/deeplearning4j-core/0.7.2/deeplearning4j-core-0.7.2.jar
7f5a4c160000-7f5a4c173000 r--s 00345000 08:01 5120773                    /usr/local/jdk1.8.0_121/jre/lib/resources.jar
7f5a4c173000-7f5a4c185000 r--s 000d6000 08:01 5120772                    /usr/local/jdk1.8.0_121/jre/lib/plugin.jar
7f5a4c185000-7f5a4c189000 r--s 0009a000 08:01 5120744                    /usr/local/jdk1.8.0_121/jre/lib/jsse.jar
7f5a4c189000-7f5a4c18e000 r--s 00084000 08:01 5120765                    /usr/local/jdk1.8.0_121/jre/lib/jfr.jar
7f5a4c18e000-7f5a4c198000 r--s 0006c000 08:01 5120767                    /usr/local/jdk1.8.0_121/jre/lib/javaws.jar
7f5a4c198000-7f5a4c1b3000 r--s 00209000 08:01 5120768                    /usr/local/jdk1.8.0_121/jre/lib/deploy.jar
7f5a4c1b3000-7f5a4c1b6000 ---p 00000000 00:00 0 
7f5a4c1b6000-7f5a4c2b4000 rw-p 00000000 00:00 0 
7f5a4c2b4000-7f5a4c2b7000 ---p 00000000 00:00 0 
7f5a4c2b7000-7f5a4c3b5000 rw-p 00000000 00:00 0 
7f5a4c3b5000-7f5a4c3b8000 ---p 00000000 00:00 0 
7f5a4c3b8000-7f5a4c4b6000 rw-p 00000000 00:00 0 
7f5a4c4b6000-7f5a4c4b7000 ---p 00000000 00:00 0 
7f5a4c4b7000-7f5a4cec0000 rw-p 00000000 00:00 0 
7f5a4cec0000-7f5a4d099000 r--s 03d3e000 08:01 5120749                    /usr/local/jdk1.8.0_121/jre/lib/rt.jar
7f5a4d099000-7f5a4f88a000 rw-p 00000000 00:00 0 
7f5a4f88a000-7f5a4f88b000 ---p 00000000 00:00 0 
7f5a4f88b000-7f5a4f98b000 rw-p 00000000 00:00 0 
7f5a4f98b000-7f5a4f98c000 ---p 00000000 00:00 0 
7f5a4f98c000-7f5a4faa1000 rw-p 00000000 00:00 0 
7f5a4faa1000-7f5a4fbcd000 ---p 00000000 00:00 0 
7f5a4fbcd000-7f5a4fbe2000 rw-p 00000000 00:00 0 
7f5a4fbe2000-7f5a4fd0d000 ---p 00000000 00:00 0 
7f5a4fd0d000-7f5a4fd56000 rw-p 00000000 00:00 0 
7f5a4fd56000-7f5a4fdae000 ---p 00000000 00:00 0 
7f5a4fdae000-7f5a4fdd0000 rw-p 00000000 00:00 0 
7f5a4fdd0000-7f5a5016f000 ---p 00000000 00:00 0 
7f5a5016f000-7f5a5099f000 rwxp 00000000 00:00 0 
7f5a5099f000-7f5a5f16f000 ---p 00000000 00:00 0 
7f5a5f16f000-7f5a5f189000 r-xp 00000000 08:01 2228944                    /usr/local/jdk1.8.0_121/jre/lib/amd64/libzip.so
7f5a5f189000-7f5a5f389000 ---p 0001a000 08:01 2228944                    /usr/local/jdk1.8.0_121/jre/lib/amd64/libzip.so
7f5a5f389000-7f5a5f38a000 rw-p 0001a000 08:01 2228944                    /usr/local/jdk1.8.0_121/jre/lib/amd64/libzip.so
7f5a5f38a000-7f5a5f395000 r-xp 00000000 08:01 669654                     /lib/x86_64-linux-gnu/libnss_files-2.23.so
7f5a5f395000-7f5a5f594000 ---p 0000b000 08:01 669654                     /lib/x86_64-linux-gnu/libnss_files-2.23.so
7f5a5f594000-7f5a5f595000 r--p 0000a000 08:01 669654                     /lib/x86_64-linux-gnu/libnss_files-2.23.so
7f5a5f595000-7f5a5f596000 rw-p 0000b000 08:01 669654                     /lib/x86_64-linux-gnu/libnss_files-2.23.so
7f5a5f596000-7f5a5f59c000 rw-p 00000000 00:00 0 
7f5a5f59c000-7f5a5f5a7000 r-xp 00000000 08:01 669662                     /lib/x86_64-linux-gnu/libnss_nis-2.23.so
7f5a5f5a7000-7f5a5f7a6000 ---p 0000b000 08:01 669662                     /lib/x86_64-linux-gnu/libnss_nis-2.23.so
7f5a5f7a6000-7f5a5f7a7000 r--p 0000a000 08:01 669662                     /lib/x86_64-linux-gnu/libnss_nis-2.23.so
7f5a5f7a7000-7f5a5f7a8000 rw-p 0000b000 08:01 669662                     /lib/x86_64-linux-gnu/libnss_nis-2.23.so
7f5a5f7a8000-7f5a5f7be000 r-xp 00000000 08:01 669617                     /lib/x86_64-linux-gnu/libnsl-2.23.so
7f5a5f7be000-7f5a5f9bd000 ---p 00016000 08:01 669617                     /lib/x86_64-linux-gnu/libnsl-2.23.so
7f5a5f9bd000-7f5a5f9be000 r--p 00015000 08:01 669617                     /lib/x86_64-linux-gnu/libnsl-2.23.so
7f5a5f9be000-7f5a5f9bf000 rw-p 00016000 08:01 669617                     /lib/x86_64-linux-gnu/libnsl-2.23.so
7f5a5f9bf000-7f5a5f9c1000 rw-p 00000000 00:00 0 
7f5a5f9c1000-7f5a5f9c9000 r-xp 00000000 08:01 669644                     /lib/x86_64-linux-gnu/libnss_compat-2.23.so
7f5a5f9c9000-7f5a5fbc8000 ---p 00008000 08:01 669644                     /lib/x86_64-linux-gnu/libnss_compat-2.23.so
7f5a5fbc8000-7f5a5fbc9000 r--p 00007000 08:01 669644                     /lib/x86_64-linux-gnu/libnss_compat-2.23.so
7f5a5fbc9000-7f5a5fbca000 rw-p 00008000 08:01 669644                     /lib/x86_64-linux-gnu/libnss_compat-2.23.so
7f5a5fbca000-7f5a5fbd4000 r-xp 00000000 08:01 2228982                    /usr/local/jdk1.8.0_121/jre/lib/amd64/libinstrument.so
7f5a5fbd4000-7f5a5fdd3000 ---p 0000a000 08:01 2228982                    /usr/local/jdk1.8.0_121/jre/lib/amd64/libinstrument.so
7f5a5fdd3000-7f5a5fdd4000 rw-p 00009000 08:01 2228982                    /usr/local/jdk1.8.0_121/jre/lib/amd64/libinstrument.so
7f5a5fdd4000-7f5a5fdff000 r-xp 00000000 08:01 2228971                    /usr/local/jdk1.8.0_121/jre/lib/amd64/libjava.so
7f5a5fdff000-7f5a5fffe000 ---p 0002b000 08:01 2228971                    /usr/local/jdk1.8.0_121/jre/lib/amd64/libjava.so
7f5a5fffe000-7f5a60000000 rw-p 0002a000 08:01 2228971                    /usr/local/jdk1.8.0_121/jre/lib/amd64/libjava.so
7f5a60000000-7f5a63fd6000 rw-p 00000000 00:00 0 
7f5a63fd6000-7f5a64000000 ---p 00000000 00:00 0 
7f5a64000000-7f5a64002000 r--s 0000d000 08:01 4490582                    /home/duser/.m2/repository/org/nd4j/nd4j-buffer/0.7.2/nd4j-buffer-0.7.2.jar
7f5a64002000-7f5a64051000 rw-p 00000000 00:00 0 
7f5a64051000-7f5a6405e000 r-xp 00000000 08:01 2228922                    /usr/local/jdk1.8.0_121/jre/lib/amd64/libverify.so
7f5a6405e000-7f5a6425d000 ---p 0000d000 08:01 2228922                    /usr/local/jdk1.8.0_121/jre/lib/amd64/libverify.so
7f5a6425d000-7f5a6425f000 rw-p 0000c000 08:01 2228922                    /usr/local/jdk1.8.0_121/jre/lib/amd64/libverify.so
7f5a6425f000-7f5a64266000 r-xp 00000000 08:01 669666                     /lib/x86_64-linux-gnu/librt-2.23.so
7f5a64266000-7f5a64465000 ---p 00007000 08:01 669666                     /lib/x86_64-linux-gnu/librt-2.23.so
7f5a64465000-7f5a64466000 r--p 00006000 08:01 669666                     /lib/x86_64-linux-gnu/librt-2.23.so
7f5a64466000-7f5a64467000 rw-p 00007000 08:01 669666                     /lib/x86_64-linux-gnu/librt-2.23.so
7f5a64467000-7f5a6456f000 r-xp 00000000 08:01 669615                     /lib/x86_64-linux-gnu/libm-2.23.so
7f5a6456f000-7f5a6476e000 ---p 00108000 08:01 669615                     /lib/x86_64-linux-gnu/libm-2.23.so
7f5a6476e000-7f5a6476f000 r--p 00107000 08:01 669615                     /lib/x86_64-linux-gnu/libm-2.23.so
7f5a6476f000-7f5a64770000 rw-p 00108000 08:01 669615                     /lib/x86_64-linux-gnu/libm-2.23.so
7f5a64770000-7f5a6543e000 r-xp 00000000 08:01 2228975                    /usr/local/jdk1.8.0_121/jre/lib/amd64/server/libjvm.so
7f5a6543e000-7f5a6563e000 ---p 00cce000 08:01 2228975                    /usr/local/jdk1.8.0_121/jre/lib/amd64/server/libjvm.so
7f5a6563e000-7f5a65717000 rw-p 00cce000 08:01 2228975                    /usr/local/jdk1.8.0_121/jre/lib/amd64/server/libjvm.so
7f5a65717000-7f5a65762000 rw-p 00000000 00:00 0 
7f5a65762000-7f5a65922000 r-xp 00000000 08:01 669621                     /lib/x86_64-linux-gnu/libc-2.23.so
7f5a65922000-7f5a65b22000 ---p 001c0000 08:01 669621                     /lib/x86_64-linux-gnu/libc-2.23.so
7f5a65b22000-7f5a65b26000 r--p 001c0000 08:01 669621                     /lib/x86_64-linux-gnu/libc-2.23.so
7f5a65b26000-7f5a65b28000 rw-p 001c4000 08:01 669621                     /lib/x86_64-linux-gnu/libc-2.23.so
7f5a65b28000-7f5a65b2c000 rw-p 00000000 00:00 0 
7f5a65b2c000-7f5a65b2f000 r-xp 00000000 08:01 669632                     /lib/x86_64-linux-gnu/libdl-2.23.so
7f5a65b2f000-7f5a65d2e000 ---p 00003000 08:01 669632                     /lib/x86_64-linux-gnu/libdl-2.23.so
7f5a65d2e000-7f5a65d2f000 r--p 00002000 08:01 669632                     /lib/x86_64-linux-gnu/libdl-2.23.so
7f5a65d2f000-7f5a65d30000 rw-p 00003000 08:01 669632                     /lib/x86_64-linux-gnu/libdl-2.23.so
7f5a65d30000-7f5a65d45000 r-xp 00000000 08:01 2102556                    /usr/local/jdk1.8.0_121/lib/amd64/jli/libjli.so
7f5a65d45000-7f5a65f45000 ---p 00015000 08:01 2102556                    /usr/local/jdk1.8.0_121/lib/amd64/jli/libjli.so
7f5a65f45000-7f5a65f46000 rw-p 00015000 08:01 2102556                    /usr/local/jdk1.8.0_121/lib/amd64/jli/libjli.so
7f5a65f46000-7f5a65f5e000 r-xp 00000000 08:01 669619                     /lib/x86_64-linux-gnu/libpthread-2.23.so
7f5a65f5e000-7f5a6615d000 ---p 00018000 08:01 669619                     /lib/x86_64-linux-gnu/libpthread-2.23.so
7f5a6615d000-7f5a6615e000 r--p 00017000 08:01 669619                     /lib/x86_64-linux-gnu/libpthread-2.23.so
7f5a6615e000-7f5a6615f000 rw-p 00018000 08:01 669619                     /lib/x86_64-linux-gnu/libpthread-2.23.so
7f5a6615f000-7f5a66163000 rw-p 00000000 00:00 0 
7f5a66163000-7f5a66189000 r-xp 00000000 08:01 669618                     /lib/x86_64-linux-gnu/ld-2.23.so
7f5a66189000-7f5a6625a000 rw-p 00000000 00:00 0 
7f5a6625a000-7f5a6625d000 ---p 00000000 00:00 0 
7f5a6625d000-7f5a66360000 rw-p 00000000 00:00 0 
7f5a66360000-7f5a66361000 r--s 00000000 08:01 5120759                    /usr/local/jdk1.8.0_121/jre/lib/management-agent.jar
7f5a66361000-7f5a66363000 r--s 00007000 08:01 5120753                    /usr/local/jdk1.8.0_121/jre/lib/jfxswt.jar
7f5a66363000-7f5a66366000 r--s 0001a000 08:01 5120777                    /usr/local/jdk1.8.0_121/jre/lib/jce.jar
7f5a66366000-7f5a6636b000 r--s 002f9000 08:01 5120745                    /usr/local/jdk1.8.0_121/jre/lib/charsets.jar
7f5a6636b000-7f5a6637e000 rw-p 00000000 00:00 0 
7f5a6637e000-7f5a66386000 rw-s 00000000 08:01 806425                     /tmp/hsperfdata_duser/31331
7f5a66386000-7f5a66387000 rw-p 00000000 00:00 0 
7f5a66387000-7f5a66388000 ---p 00000000 00:00 0 
7f5a66388000-7f5a66389000 r--p 00025000 08:01 669618                     /lib/x86_64-linux-gnu/ld-2.23.so
7f5a66389000-7f5a6638a000 rw-p 00026000 08:01 669618                     /lib/x86_64-linux-gnu/ld-2.23.so
7f5a6638a000-7f5a6638b000 rw-p 00000000 00:00 0 
7fff838d8000-7fff838fb000 rw-p 00000000 00:00 0                          [stack]
7fff839df000-7fff839e2000 r--p 00000000 00:00 0                          [vvar]
7fff839e2000-7fff839e4000 r-xp 00000000 00:00 0                          [vdso]
ffffffffff600000-ffffffffff601000 r-xp 00000000 00:00 0                  [vsyscall]

VM Arguments:
jvm_args: -javaagent:/opt/idea-IC-182.3911.36/lib/idea_rt.jar=35955:/opt/idea-IC-182.3911.36/bin -Dfile.encoding=UTF-8 
java_command: Analitics
java_class_path (initial): /usr/local/jdk1.8.0_121/jre/lib/charsets.jar:/usr/local/jdk1.8.0_121/jre/lib/deploy.jar:/usr/local/jdk1.8.0_121/jre/lib/ext/cldrdata.jar:/usr/local/jdk1.8.0_121/jre/lib/ext/dnsns.jar:/usr/local/jdk1.8.0_121/jre/lib/ext/jaccess.jar:/usr/local/jdk1.8.0_121/jre/lib/ext/jfxrt.jar:/usr/local/jdk1.8.0_121/jre/lib/ext/localedata.jar:/usr/local/jdk1.8.0_121/jre/lib/ext/nashorn.jar:/usr/local/jdk1.8.0_121/jre/lib/ext/sunec.jar:/usr/local/jdk1.8.0_121/jre/lib/ext/sunjce_provider.jar:/usr/local/jdk1.8.0_121/jre/lib/ext/sunpkcs11.jar:/usr/local/jdk1.8.0_121/jre/lib/ext/zipfs.jar:/usr/local/jdk1.8.0_121/jre/lib/javaws.jar:/usr/local/jdk1.8.0_121/jre/lib/jce.jar:/usr/local/jdk1.8.0_121/jre/lib/jfr.jar:/usr/local/jdk1.8.0_121/jre/lib/jfxswt.jar:/usr/local/jdk1.8.0_121/jre/lib/jsse.jar:/usr/local/jdk1.8.0_121/jre/lib/management-agent.jar:/usr/local/jdk1.8.0_121/jre/lib/plugin.jar:/usr/local/jdk1.8.0_121/jre/lib/resources.jar:/usr/local/jdk1.8.0_121/jre/lib/rt.jar:/home/duser/convolution/target/classes:/home/duser/.m2/repository/org/deeplearning4j/deeplearning4j-core/0.7.2/deeplearning4j-core-0.7.2.jar:/home/duser/.m2/repository/org/deeplearning4j/deeplearning4j-nn/0.7.2/deeplearning4j-nn-0.7.2.jar:/home/duser/.m2/repository/org/apache/commons/commons-math3/3.4.1/commons-math3-3.4.1.jar:/home/duser/.m2/repository/commons-io/commons-io/2.4/commons-io-2.4.jar:/home/duser/.m2/repository/org/apache/commons/commons-compress/1.8/commons-compress-1.8.jar:/home/duser/.m2/repository/org/tukaani/xz/1.5/xz-1.5.jar:/home/duser/.m2/repository/com/google/guava/guava/11.0/guava-11.0.jar:/home/duser/.m2/repository/com/google/code/findbugs/jsr305/1.3.9/jsr305-1.3.9.jar:/home/duser/.m2/repository/org/nd4j/nd4j-api/0.7.2/nd4j-api-0.7.2.jar:/home/duser/.m2/repository/org/nd4j/nd4j-buffer/0.7.2/nd4j-buffer-0.7.2.jar:/home/duser/.m2/repository/org/nd4j/nd4j-common/0.7.2/nd4j-common-0.7.2.jar:/home/duser/.m2/repository/org/reflections/reflections/0.9.10/reflections-0.9.10.jar:
Launcher Type: SUN_STANDARD

Environment Variables:
PATH=/home/duser/.local/share/umake/bin:/usr/local/sbin:/usr/local/bin:/usr/sbin:/usr/bin:/sbin:/bin:/usr/games:/usr/local/games:/snap/bin
SHELL=/bin/bash
DISPLAY=:0

Signal Handlers:
SIGSEGV: [libjvm.so+0xac78c0], sa_mask[0]=11111111011111111101111111111110, sa_flags=SA_RESTART|SA_SIGINFO
SIGBUS: [libjvm.so+0xac78c0], sa_mask[0]=11111111011111111101111111111110, sa_flags=SA_RESTART|SA_SIGINFO
SIGFPE: [libjvm.so+0x920ac0], sa_mask[0]=11111111011111111101111111111110, sa_flags=SA_RESTART|SA_SIGINFO
SIGPIPE: [libjvm.so+0x920ac0], sa_mask[0]=11111111011111111101111111111110, sa_flags=SA_RESTART|SA_SIGINFO
SIGXFSZ: [libjvm.so+0x920ac0], sa_mask[0]=11111111011111111101111111111110, sa_flags=SA_RESTART|SA_SIGINFO
SIGILL: [libjvm.so+0x920ac0], sa_mask[0]=11111111011111111101111111111110, sa_flags=SA_RESTART|SA_SIGINFO
SIGUSR1: SIG_DFL, sa_mask[0]=00000000000000000000000000000000, sa_flags=none
SIGUSR2: [libjvm.so+0x922300], sa_mask[0]=00100000000000000000000000000000, sa_flags=SA_RESTART|SA_SIGINFO
SIGHUP: [libjvm.so+0x923700], sa_mask[0]=11111111011111111101111111111110, sa_flags=SA_RESTART|SA_SIGINFO
SIGINT: [libjvm.so+0x923700], sa_mask[0]=11111111011111111101111111111110, sa_flags=SA_RESTART|SA_SIGINFO
SIGTERM: [libjvm.so+0x923700], sa_mask[0]=11111111011111111101111111111110, sa_flags=SA_RESTART|SA_SIGINFO
SIGQUIT: [libjvm.so+0x923700], sa_mask[0]=11111111011111111101111111111110, sa_flags=SA_RESTART|SA_SIGINFO


---------------  S Y S T E M  ---------------

OS:DISTRIB_ID=Ubuntu
DISTRIB_RELEASE=16.04
DISTRIB_CODENAME=xenial
DISTRIB_DESCRIPTION="Ubuntu 16.04.5 LTS"

uname:Linux 4.4.0-131-generic #157-Ubuntu SMP Thu Jul 12 15:51:36 UTC 2018 x86_64
libc:glibc 2.23 NPTL 2.23 
rlimit: STACK 8192k, CORE 0k, NPROC 15224, NOFILE 1048576, AS infinity
load average:2,62 1,78 1,43

/proc/meminfo:
MemTotal:        3940104 kB
MemFree:          104064 kB
MemAvailable:      33100 kB
Buffers:             356 kB
Cached:           329432 kB
SwapCached:         3080 kB
Active:          2520444 kB
Inactive:        1051856 kB
Active(anon):    2503660 kB
Inactive(anon):  1025648 kB
Active(file):      16784 kB
Inactive(file):    26208 kB
Unevictable:          48 kB
Mlocked:              48 kB
SwapTotal:       4085756 kB
SwapFree:             28 kB
Dirty:               196 kB
Writeback:             0 kB
AnonPages:       3240776 kB
Mapped:            46144 kB
Shmem:            286424 kB
Slab:             105104 kB
SReclaimable:      55268 kB
SUnreclaim:        49836 kB
KernelStack:       16976 kB
PageTables:        81764 kB
NFS_Unstable:          0 kB
Bounce:                0 kB
WritebackTmp:          0 kB
CommitLimit:     6055808 kB
Committed_AS:   18753676 kB
VmallocTotal:   34359738367 kB
VmallocUsed:           0 kB
VmallocChunk:          0 kB
HardwareCorrupted:     0 kB
AnonHugePages:         0 kB
CmaTotal:              0 kB
CmaFree:               0 kB
HugePages_Total:       0
HugePages_Free:        0
HugePages_Rsvd:        0
HugePages_Surp:        0
Hugepagesize:       2048 kB
DirectMap4k:      190888 kB
DirectMap2M:     3897344 kB


CPU:total 2 (2 cores per cpu, 1 threads per core) family 6 model 23 stepping 10, cmov, cx8, fxsr, mmx, sse, sse2, sse3, ssse3, sse4.1, tsc

/proc/cpuinfo:
processor	: 0
vendor_id	: GenuineIntel
cpu family	: 6
model		: 23
model name	: Intel(R) Core(TM)2 Duo CPU     L9400  @ 1.86GHz
stepping	: 10
microcode	: 0xa0b
cpu MHz		: 1867.000
cache size	: 6144 KB
physical id	: 0
siblings	: 2
core id		: 0
cpu cores	: 2
apicid		: 0
initial apicid	: 0
fpu		: yes
fpu_exception	: yes
cpuid level	: 13
wp		: yes
flags		: fpu vme de pse tsc msr pae mce cx8 apic sep mtrr pge mca cmov pat pse36 clflush dts acpi mmx fxsr sse sse2 ss ht tm pbe syscall nx lm constant_tsc arch_perfmon pebs bts nopl aperfmperf eagerfpu pni dtes64 monitor ds_cpl vmx smx est tm2 ssse3 cx16 xtpr pdcm sse4_1 xsave lahf_lm kaiser tpr_shadow vnmi flexpriority dtherm ida
bugs		: cpu_meltdown spectre_v1 spectre_v2 spec_store_bypass
bogomips	: 3723.73
clflush size	: 64
cache_alignment	: 64
address sizes	: 36 bits physical, 48 bits virtual
power management:

processor	: 1
vendor_id	: GenuineIntel
cpu family	: 6
model		: 23
model name	: Intel(R) Core(TM)2 Duo CPU     L9400  @ 1.86GHz
stepping	: 10
microcode	: 0xa0b
cpu MHz		: 1867.000
cache size	: 6144 KB
physical id	: 0
siblings	: 2
core id		: 1
cpu cores	: 2
apicid		: 1
initial apicid	: 1
fpu		: yes
fpu_exception	: yes
cpuid level	: 13
wp		: yes
flags		: fpu vme de pse tsc msr pae mce cx8 apic sep mtrr pge mca cmov pat pse36 clflush dts acpi mmx fxsr sse sse2 ss ht tm pbe syscall nx lm constant_tsc arch_perfmon pebs bts nopl aperfmperf eagerfpu pni dtes64 monitor ds_cpl vmx smx est tm2 ssse3 cx16 xtpr pdcm sse4_1 xsave lahf_lm kaiser tpr_shadow vnmi flexpriority dtherm ida
bugs		: cpu_meltdown spectre_v1 spectre_v2 spec_store_bypass
bogomips	: 3723.73
clflush size	: 64
cache_alignment	: 64
address sizes	: 36 bits physical, 48 bits virtual
power management:



Memory: 4k page, physical 3940104k(104064k free), swap 4085756k(28k free)

vm_info: Java HotSpot(TM) 64-Bit Server VM (25.121-b13) for linux-amd64 JRE (1.8.0_121-b13), built on Dec 12 2016 16:36:53 by "java_re" with gcc 4.3.0 20080428 (Red Hat 4.3.0-8)

time: Fri Aug 17 11:27:06 2018
elapsed time: 18 seconds (0d 0h 0m 18s)

